{"D:\\saiyao3\\mobile-vue\\src\\App.vue": {"path":"D:\\saiyao3\\mobile-vue\\src\\App.vue","statementMap":{"0":{"start":{"line":1,"column":1},"end":{"line":83,"column":4}},"1":{"start":{"line":4,"column":0},"end":{"line":6,"column":3}},"2":{"start":{"line":8,"column":16},"end":{"line":8,"column":56}},"3":{"start":{"line":10,"column":16},"end":{"line":10,"column":49}},"4":{"start":{"line":12,"column":11},"end":{"line":12,"column":25}},"5":{"start":{"line":14,"column":12},"end":{"line":14,"column":27}},"6":{"start":{"line":16,"column":17},"end":{"line":16,"column":54}},"7":{"start":{"line":18,"column":18},"end":{"line":18,"column":52}},"8":{"start":{"line":20,"column":39},"end":{"line":20,"column":93}},"9":{"start":{"line":22,"column":0},"end":{"line":74,"column":2}},"10":{"start":{"line":25,"column":4},"end":{"line":28,"column":6}},"11":{"start":{"line":37,"column":6},"end":{"line":37,"column":33}},"12":{"start":{"line":43,"column":6},"end":{"line":43,"column":25}},"13":{"start":{"line":48,"column":17},"end":{"line":48,"column":33}},"14":{"start":{"line":49,"column":6},"end":{"line":62,"column":7}},"15":{"start":{"line":50,"column":8},"end":{"line":50,"column":28}},"16":{"start":{"line":51,"column":8},"end":{"line":59,"column":9}},"17":{"start":{"line":52,"column":10},"end":{"line":52,"column":31}},"18":{"start":{"line":53,"column":10},"end":{"line":53,"column":50}},"19":{"start":{"line":54,"column":15},"end":{"line":59,"column":9}},"20":{"start":{"line":55,"column":10},"end":{"line":55,"column":31}},"21":{"start":{"line":56,"column":10},"end":{"line":56,"column":51}},"22":{"start":{"line":57,"column":15},"end":{"line":59,"column":9}},"23":{"start":{"line":58,"column":10},"end":{"line":58,"column":31}},"24":{"start":{"line":61,"column":8},"end":{"line":61,"column":29}},"25":{"start":{"line":66,"column":4},"end":{"line":66,"column":23}},"26":{"start":{"line":69,"column":4},"end":{"line":72,"column":12}},"27":{"start":{"line":70,"column":6},"end":{"line":70,"column":45}},"28":{"start":{"line":71,"column":6},"end":{"line":71,"column":34}},"29":{"start":{"line":84,"column":0},"end":{"line":84,"column":70}},"30":{"start":{"line":84,"column":31},"end":{"line":84,"column":70}},"31":{"start":{"line":85,"column":24},"end":{"line":85,"column":100}},"32":{"start":{"line":86,"column":0},"end":{"line":86,"column":425}},"33":{"start":{"line":86,"column":54},"end":{"line":86,"column":58}},"34":{"start":{"line":86,"column":66},"end":{"line":86,"column":84}},"35":{"start":{"line":86,"column":92},"end":{"line":86,"column":108}},"36":{"start":{"line":86,"column":109},"end":{"line":86,"column":424}},"37":{"start":{"line":86,"column":215},"end":{"line":86,"column":232}},"38":{"start":{"line":87,"column":0},"end":{"line":87,"column":37}}},"fnMap":{"0":{"name":"(anonymous_0)","decl":{"start":{"line":1,"column":2},"end":{"line":1,"column":3}},"loc":{"start":{"line":1,"column":12},"end":{"line":83,"column":1}},"line":1},"1":{"name":"_interopRequireDefault","decl":{"start":{"line":20,"column":9},"end":{"line":20,"column":31}},"loc":{"start":{"line":20,"column":37},"end":{"line":20,"column":95}},"line":20},"2":{"name":"data","decl":{"start":{"line":24,"column":17},"end":{"line":24,"column":21}},"loc":{"start":{"line":24,"column":24},"end":{"line":29,"column":3}},"line":24},"3":{"name":"isLoading","decl":{"start":{"line":36,"column":24},"end":{"line":36,"column":33}},"loc":{"start":{"line":36,"column":41},"end":{"line":38,"column":5}},"line":36},"4":{"name":"$route","decl":{"start":{"line":42,"column":23},"end":{"line":42,"column":29}},"loc":{"start":{"line":42,"column":32},"end":{"line":44,"column":5}},"line":42},"5":{"name":"routeChange","decl":{"start":{"line":47,"column":26},"end":{"line":47,"column":37}},"loc":{"start":{"line":47,"column":40},"end":{"line":63,"column":5}},"line":47},"6":{"name":"created","decl":{"start":{"line":65,"column":20},"end":{"line":65,"column":27}},"loc":{"start":{"line":65,"column":30},"end":{"line":67,"column":3}},"line":65},"7":{"name":"mounted","decl":{"start":{"line":68,"column":20},"end":{"line":68,"column":27}},"loc":{"start":{"line":68,"column":30},"end":{"line":73,"column":3}},"line":68},"8":{"name":"(anonymous_8)","decl":{"start":{"line":69,"column":22},"end":{"line":69,"column":23}},"loc":{"start":{"line":69,"column":34},"end":{"line":72,"column":5}},"line":69},"9":{"name":"render","decl":{"start":{"line":86,"column":35},"end":{"line":86,"column":41}},"loc":{"start":{"line":86,"column":45},"end":{"line":86,"column":425}},"line":86},"10":{"name":"(anonymous_10)","decl":{"start":{"line":86,"column":199},"end":{"line":86,"column":200}},"loc":{"start":{"line":86,"column":214},"end":{"line":86,"column":233}},"line":86}},"branchMap":{"0":{"loc":{"start":{"line":20,"column":46},"end":{"line":20,"column":92}},"type":"cond-expr","locations":[{"start":{"line":20,"column":70},"end":{"line":20,"column":73}},{"start":{"line":20,"column":76},"end":{"line":20,"column":92}}],"line":20},"1":{"loc":{"start":{"line":20,"column":46},"end":{"line":20,"column":67}},"type":"binary-expr","locations":[{"start":{"line":20,"column":46},"end":{"line":20,"column":49}},{"start":{"line":20,"column":53},"end":{"line":20,"column":67}}],"line":20},"2":{"loc":{"start":{"line":49,"column":6},"end":{"line":62,"column":7}},"type":"if","locations":[{"start":{"line":49,"column":6},"end":{"line":62,"column":7}},{"start":{"line":49,"column":6},"end":{"line":62,"column":7}}],"line":49},"3":{"loc":{"start":{"line":49,"column":10},"end":{"line":49,"column":140}},"type":"binary-expr","locations":[{"start":{"line":49,"column":10},"end":{"line":49,"column":27}},{"start":{"line":49,"column":31},"end":{"line":49,"column":55}},{"start":{"line":49,"column":59},"end":{"line":49,"column":94}},{"start":{"line":49,"column":98},"end":{"line":49,"column":114}},{"start":{"line":49,"column":118},"end":{"line":49,"column":140}}],"line":49},"4":{"loc":{"start":{"line":51,"column":8},"end":{"line":59,"column":9}},"type":"if","locations":[{"start":{"line":51,"column":8},"end":{"line":59,"column":9}},{"start":{"line":51,"column":8},"end":{"line":59,"column":9}}],"line":51},"5":{"loc":{"start":{"line":54,"column":15},"end":{"line":59,"column":9}},"type":"if","locations":[{"start":{"line":54,"column":15},"end":{"line":59,"column":9}},{"start":{"line":54,"column":15},"end":{"line":59,"column":9}}],"line":54},"6":{"loc":{"start":{"line":54,"column":19},"end":{"line":54,"column":82}},"type":"binary-expr","locations":[{"start":{"line":54,"column":19},"end":{"line":54,"column":43}},{"start":{"line":54,"column":47},"end":{"line":54,"column":82}}],"line":54},"7":{"loc":{"start":{"line":57,"column":15},"end":{"line":59,"column":9}},"type":"if","locations":[{"start":{"line":57,"column":15},"end":{"line":59,"column":9}},{"start":{"line":57,"column":15},"end":{"line":59,"column":9}}],"line":57},"8":{"loc":{"start":{"line":84,"column":0},"end":{"line":84,"column":70}},"type":"if","locations":[{"start":{"line":84,"column":0},"end":{"line":84,"column":70}},{"start":{"line":84,"column":0},"end":{"line":84,"column":70}}],"line":84},"9":{"loc":{"start":{"line":85,"column":24},"end":{"line":85,"column":100}},"type":"cond-expr","locations":[{"start":{"line":85,"column":62},"end":{"line":85,"column":84}},{"start":{"line":85,"column":86},"end":{"line":85,"column":100}}],"line":85},"10":{"loc":{"start":{"line":86,"column":92},"end":{"line":86,"column":108}},"type":"binary-expr","locations":[{"start":{"line":86,"column":92},"end":{"line":86,"column":104}},{"start":{"line":86,"column":106},"end":{"line":86,"column":108}}],"line":86}},"s":{"0":0,"1":0,"2":0,"3":0,"4":0,"5":0,"6":0,"7":0,"8":0,"9":0,"10":0,"11":0,"12":0,"13":0,"14":0,"15":0,"16":0,"17":0,"18":0,"19":0,"20":0,"21":0,"22":0,"23":0,"24":0,"25":0,"26":0,"27":0,"28":0,"29":0,"30":0,"31":0,"32":0,"33":0,"34":0,"35":0,"36":0,"37":0,"38":0},"f":{"0":0,"1":0,"2":0,"3":0,"4":0,"5":0,"6":0,"7":0,"8":0,"9":0,"10":0},"b":{"0":[0,0],"1":[0,0],"2":[0,0],"3":[0,0,0,0,0],"4":[0,0],"5":[0,0],"6":[0,0],"7":[0,0],"8":[0,0],"9":[0,0],"10":[0,0]}}
,"D:\\saiyao3\\mobile-vue\\src\\components\\Cart.vue": {"path":"D:\\saiyao3\\mobile-vue\\src\\components\\Cart.vue","statementMap":{"0":{"start":{"line":1,"column":1},"end":{"line":155,"column":4}},"1":{"start":{"line":4,"column":0},"end":{"line":6,"column":3}},"2":{"start":{"line":8,"column":26},"end":{"line":8,"column":76}},"3":{"start":{"line":10,"column":26},"end":{"line":10,"column":69}},"4":{"start":{"line":12,"column":11},"end":{"line":12,"column":47}},"5":{"start":{"line":14,"column":12},"end":{"line":14,"column":40}},"6":{"start":{"line":16,"column":17},"end":{"line":16,"column":64}},"7":{"start":{"line":18,"column":18},"end":{"line":18,"column":52}},"8":{"start":{"line":20,"column":11},"end":{"line":20,"column":25}},"9":{"start":{"line":22,"column":14},"end":{"line":22,"column":39}},"10":{"start":{"line":24,"column":39},"end":{"line":24,"column":93}},"11":{"start":{"line":64,"column":0},"end":{"line":154,"column":2}},"12":{"start":{"line":72,"column":4},"end":{"line":79,"column":6}},"13":{"start":{"line":83,"column":15},"end":{"line":83,"column":107}},"14":{"start":{"line":85,"column":4},"end":{"line":88,"column":7}},"15":{"start":{"line":86,"column":6},"end":{"line":86,"column":25}},"16":{"start":{"line":87,"column":6},"end":{"line":87,"column":53}},"17":{"start":{"line":89,"column":4},"end":{"line":89,"column":25}},"18":{"start":{"line":94,"column":18},"end":{"line":94,"column":22}},"19":{"start":{"line":96,"column":6},"end":{"line":96,"column":21}},"20":{"start":{"line":97,"column":6},"end":{"line":102,"column":9}},"21":{"start":{"line":98,"column":8},"end":{"line":98,"column":25}},"22":{"start":{"line":99,"column":8},"end":{"line":101,"column":9}},"23":{"start":{"line":100,"column":10},"end":{"line":100,"column":64}},"24":{"start":{"line":103,"column":6},"end":{"line":103,"column":41}},"25":{"start":{"line":108,"column":21},"end":{"line":108,"column":25}},"26":{"start":{"line":110,"column":8},"end":{"line":110,"column":23}},"27":{"start":{"line":111,"column":8},"end":{"line":115,"column":11}},"28":{"start":{"line":112,"column":10},"end":{"line":114,"column":11}},"29":{"start":{"line":113,"column":12},"end":{"line":113,"column":67}},"30":{"start":{"line":116,"column":8},"end":{"line":116,"column":43}},"31":{"start":{"line":123,"column":6},"end":{"line":123,"column":33}},"32":{"start":{"line":126,"column":6},"end":{"line":126,"column":33}},"33":{"start":{"line":127,"column":6},"end":{"line":127,"column":84}},"34":{"start":{"line":130,"column":28},"end":{"line":130,"column":30}},"35":{"start":{"line":131,"column":6},"end":{"line":135,"column":9}},"36":{"start":{"line":132,"column":8},"end":{"line":134,"column":9}},"37":{"start":{"line":133,"column":10},"end":{"line":133,"column":37}},"38":{"start":{"line":136,"column":6},"end":{"line":139,"column":7}},"39":{"start":{"line":137,"column":8},"end":{"line":137,"column":64}},"40":{"start":{"line":138,"column":8},"end":{"line":138,"column":15}},"41":{"start":{"line":140,"column":6},"end":{"line":151,"column":7}},"42":{"start":{"line":141,"column":24},"end":{"line":141,"column":58}},"43":{"start":{"line":142,"column":25},"end":{"line":142,"column":57}},"44":{"start":{"line":143,"column":30},"end":{"line":145,"column":11}},"45":{"start":{"line":144,"column":10},"end":{"line":144,"column":35}},"46":{"start":{"line":146,"column":8},"end":{"line":146,"column":85}},"47":{"start":{"line":147,"column":8},"end":{"line":147,"column":86}},"48":{"start":{"line":149,"column":8},"end":{"line":149,"column":81}},"49":{"start":{"line":150,"column":8},"end":{"line":150,"column":52}},"50":{"start":{"line":156,"column":0},"end":{"line":156,"column":70}},"51":{"start":{"line":156,"column":31},"end":{"line":156,"column":70}},"52":{"start":{"line":157,"column":24},"end":{"line":157,"column":100}},"53":{"start":{"line":158,"column":0},"end":{"line":158,"column":2030}},"54":{"start":{"line":158,"column":54},"end":{"line":158,"column":58}},"55":{"start":{"line":158,"column":66},"end":{"line":158,"column":84}},"56":{"start":{"line":158,"column":92},"end":{"line":158,"column":108}},"57":{"start":{"line":158,"column":109},"end":{"line":158,"column":2029}},"58":{"start":{"line":158,"column":395},"end":{"line":158,"column":1339}},"59":{"start":{"line":158,"column":571},"end":{"line":158,"column":602}},"60":{"start":{"line":158,"column":947},"end":{"line":158,"column":978}},"61":{"start":{"line":158,"column":1234},"end":{"line":158,"column":1254}},"62":{"start":{"line":158,"column":1548},"end":{"line":158,"column":1568}},"63":{"start":{"line":158,"column":1946},"end":{"line":158,"column":1968}},"64":{"start":{"line":159,"column":0},"end":{"line":159,"column":37}}},"fnMap":{"0":{"name":"(anonymous_0)","decl":{"start":{"line":1,"column":2},"end":{"line":1,"column":3}},"loc":{"start":{"line":1,"column":12},"end":{"line":155,"column":1}},"line":1},"1":{"name":"_interopRequireDefault","decl":{"start":{"line":24,"column":9},"end":{"line":24,"column":31}},"loc":{"start":{"line":24,"column":37},"end":{"line":24,"column":95}},"line":24},"2":{"name":"data","decl":{"start":{"line":71,"column":17},"end":{"line":71,"column":21}},"loc":{"start":{"line":71,"column":24},"end":{"line":80,"column":3}},"line":71},"3":{"name":"mounted","decl":{"start":{"line":81,"column":20},"end":{"line":81,"column":27}},"loc":{"start":{"line":81,"column":30},"end":{"line":90,"column":3}},"line":81},"4":{"name":"(anonymous_4)","decl":{"start":{"line":85,"column":13},"end":{"line":85,"column":14}},"loc":{"start":{"line":85,"column":29},"end":{"line":88,"column":5}},"line":85},"5":{"name":"selectAll","decl":{"start":{"line":93,"column":24},"end":{"line":93,"column":33}},"loc":{"start":{"line":93,"column":39},"end":{"line":104,"column":5}},"line":93},"6":{"name":"(anonymous_6)","decl":{"start":{"line":97,"column":24},"end":{"line":97,"column":25}},"loc":{"start":{"line":97,"column":40},"end":{"line":102,"column":7}},"line":97},"7":{"name":"handler","decl":{"start":{"line":107,"column":24},"end":{"line":107,"column":31}},"loc":{"start":{"line":107,"column":40},"end":{"line":117,"column":7}},"line":107},"8":{"name":"(anonymous_8)","decl":{"start":{"line":111,"column":26},"end":{"line":111,"column":27}},"loc":{"start":{"line":111,"column":42},"end":{"line":115,"column":9}},"line":111},"9":{"name":"editCart","decl":{"start":{"line":122,"column":23},"end":{"line":122,"column":31}},"loc":{"start":{"line":122,"column":34},"end":{"line":124,"column":5}},"line":122},"10":{"name":"deleteProduct","decl":{"start":{"line":125,"column":28},"end":{"line":125,"column":41}},"loc":{"start":{"line":125,"column":45},"end":{"line":128,"column":5}},"line":125},"11":{"name":"placeOrder","decl":{"start":{"line":129,"column":25},"end":{"line":129,"column":35}},"loc":{"start":{"line":129,"column":38},"end":{"line":152,"column":5}},"line":129},"12":{"name":"(anonymous_12)","decl":{"start":{"line":131,"column":24},"end":{"line":131,"column":25}},"loc":{"start":{"line":131,"column":40},"end":{"line":135,"column":7}},"line":131},"13":{"name":"(anonymous_13)","decl":{"start":{"line":143,"column":111},"end":{"line":143,"column":112}},"loc":{"start":{"line":143,"column":124},"end":{"line":145,"column":9}},"line":143},"14":{"name":"render","decl":{"start":{"line":158,"column":35},"end":{"line":158,"column":41}},"loc":{"start":{"line":158,"column":45},"end":{"line":158,"column":2030}},"line":158},"15":{"name":"(anonymous_15)","decl":{"start":{"line":158,"column":378},"end":{"line":158,"column":379}},"loc":{"start":{"line":158,"column":394},"end":{"line":158,"column":1340}},"line":158},"16":{"name":"(anonymous_16)","decl":{"start":{"line":158,"column":554},"end":{"line":158,"column":555}},"loc":{"start":{"line":158,"column":570},"end":{"line":158,"column":603}},"line":158},"17":{"name":"(anonymous_17)","decl":{"start":{"line":158,"column":931},"end":{"line":158,"column":932}},"loc":{"start":{"line":158,"column":946},"end":{"line":158,"column":979}},"line":158},"18":{"name":"(anonymous_18)","decl":{"start":{"line":158,"column":1217},"end":{"line":158,"column":1218}},"loc":{"start":{"line":158,"column":1233},"end":{"line":158,"column":1255}},"line":158},"19":{"name":"(anonymous_19)","decl":{"start":{"line":158,"column":1531},"end":{"line":158,"column":1532}},"loc":{"start":{"line":158,"column":1547},"end":{"line":158,"column":1569}},"line":158},"20":{"name":"(anonymous_20)","decl":{"start":{"line":158,"column":1929},"end":{"line":158,"column":1930}},"loc":{"start":{"line":158,"column":1945},"end":{"line":158,"column":1969}},"line":158}},"branchMap":{"0":{"loc":{"start":{"line":24,"column":46},"end":{"line":24,"column":92}},"type":"cond-expr","locations":[{"start":{"line":24,"column":70},"end":{"line":24,"column":73}},{"start":{"line":24,"column":76},"end":{"line":24,"column":92}}],"line":24},"1":{"loc":{"start":{"line":24,"column":46},"end":{"line":24,"column":67}},"type":"binary-expr","locations":[{"start":{"line":24,"column":46},"end":{"line":24,"column":49}},{"start":{"line":24,"column":53},"end":{"line":24,"column":67}}],"line":24},"2":{"loc":{"start":{"line":78,"column":17},"end":{"line":78,"column":119}},"type":"cond-expr","locations":[{"start":{"line":78,"column":98},"end":{"line":78,"column":104}},{"start":{"line":78,"column":107},"end":{"line":78,"column":119}}],"line":78},"3":{"loc":{"start":{"line":78,"column":17},"end":{"line":78,"column":95}},"type":"binary-expr","locations":[{"start":{"line":78,"column":17},"end":{"line":78,"column":60}},{"start":{"line":78,"column":64},"end":{"line":78,"column":95}}],"line":78},"4":{"loc":{"start":{"line":83,"column":15},"end":{"line":83,"column":107}},"type":"cond-expr","locations":[{"start":{"line":83,"column":54},"end":{"line":83,"column":102}},{"start":{"line":83,"column":105},"end":{"line":83,"column":107}}],"line":83},"5":{"loc":{"start":{"line":99,"column":8},"end":{"line":101,"column":9}},"type":"if","locations":[{"start":{"line":99,"column":8},"end":{"line":101,"column":9}},{"start":{"line":99,"column":8},"end":{"line":101,"column":9}}],"line":99},"6":{"loc":{"start":{"line":112,"column":10},"end":{"line":114,"column":11}},"type":"if","locations":[{"start":{"line":112,"column":10},"end":{"line":114,"column":11}},{"start":{"line":112,"column":10},"end":{"line":114,"column":11}}],"line":112},"7":{"loc":{"start":{"line":132,"column":8},"end":{"line":134,"column":9}},"type":"if","locations":[{"start":{"line":132,"column":8},"end":{"line":134,"column":9}},{"start":{"line":132,"column":8},"end":{"line":134,"column":9}}],"line":132},"8":{"loc":{"start":{"line":136,"column":6},"end":{"line":139,"column":7}},"type":"if","locations":[{"start":{"line":136,"column":6},"end":{"line":139,"column":7}},{"start":{"line":136,"column":6},"end":{"line":139,"column":7}}],"line":136},"9":{"loc":{"start":{"line":140,"column":6},"end":{"line":151,"column":7}},"type":"if","locations":[{"start":{"line":140,"column":6},"end":{"line":151,"column":7}},{"start":{"line":140,"column":6},"end":{"line":151,"column":7}}],"line":140},"10":{"loc":{"start":{"line":156,"column":0},"end":{"line":156,"column":70}},"type":"if","locations":[{"start":{"line":156,"column":0},"end":{"line":156,"column":70}},{"start":{"line":156,"column":0},"end":{"line":156,"column":70}}],"line":156},"11":{"loc":{"start":{"line":157,"column":24},"end":{"line":157,"column":100}},"type":"cond-expr","locations":[{"start":{"line":157,"column":62},"end":{"line":157,"column":84}},{"start":{"line":157,"column":86},"end":{"line":157,"column":100}}],"line":157},"12":{"loc":{"start":{"line":158,"column":92},"end":{"line":158,"column":108}},"type":"binary-expr","locations":[{"start":{"line":158,"column":92},"end":{"line":158,"column":104}},{"start":{"line":158,"column":106},"end":{"line":158,"column":108}}],"line":158},"13":{"loc":{"start":{"line":158,"column":283},"end":{"line":158,"column":307}},"type":"cond-expr","locations":[{"start":{"line":158,"column":296},"end":{"line":158,"column":300}},{"start":{"line":158,"column":303},"end":{"line":158,"column":307}}],"line":158},"14":{"loc":{"start":{"line":158,"column":759},"end":{"line":158,"column":1072}},"type":"cond-expr","locations":[{"start":{"line":158,"column":772},"end":{"line":158,"column":1013}},{"start":{"line":158,"column":1014},"end":{"line":158,"column":1072}}],"line":158},"15":{"loc":{"start":{"line":158,"column":1147},"end":{"line":158,"column":1333}},"type":"cond-expr","locations":[{"start":{"line":158,"column":1160},"end":{"line":158,"column":1273}},{"start":{"line":158,"column":1274},"end":{"line":158,"column":1333}}],"line":158},"16":{"loc":{"start":{"line":158,"column":1681},"end":{"line":158,"column":1820}},"type":"cond-expr","locations":[{"start":{"line":158,"column":1695},"end":{"line":158,"column":1811}},{"start":{"line":158,"column":1812},"end":{"line":158,"column":1820}}],"line":158},"17":{"loc":{"start":{"line":158,"column":1987},"end":{"line":158,"column":2011}},"type":"cond-expr","locations":[{"start":{"line":158,"column":2000},"end":{"line":158,"column":2004}},{"start":{"line":158,"column":2007},"end":{"line":158,"column":2011}}],"line":158}},"s":{"0":0,"1":0,"2":0,"3":0,"4":0,"5":0,"6":0,"7":0,"8":0,"9":0,"10":0,"11":0,"12":0,"13":0,"14":0,"15":0,"16":0,"17":0,"18":0,"19":0,"20":0,"21":0,"22":0,"23":0,"24":0,"25":0,"26":0,"27":0,"28":0,"29":0,"30":0,"31":0,"32":0,"33":0,"34":0,"35":0,"36":0,"37":0,"38":0,"39":0,"40":0,"41":0,"42":0,"43":0,"44":0,"45":0,"46":0,"47":0,"48":0,"49":0,"50":0,"51":0,"52":0,"53":0,"54":0,"55":0,"56":0,"57":0,"58":0,"59":0,"60":0,"61":0,"62":0,"63":0,"64":0},"f":{"0":0,"1":0,"2":0,"3":0,"4":0,"5":0,"6":0,"7":0,"8":0,"9":0,"10":0,"11":0,"12":0,"13":0,"14":0,"15":0,"16":0,"17":0,"18":0,"19":0,"20":0},"b":{"0":[0,0],"1":[0,0],"2":[0,0],"3":[0,0],"4":[0,0],"5":[0,0],"6":[0,0],"7":[0,0],"8":[0,0],"9":[0,0],"10":[0,0],"11":[0,0],"12":[0,0],"13":[0,0],"14":[0,0],"15":[0,0],"16":[0,0],"17":[0,0]}}
,"D:\\saiyao3\\mobile-vue\\src\\components\\Devices.vue": {"path":"D:\\saiyao3\\mobile-vue\\src\\components\\Devices.vue","statementMap":{"0":{"start":{"line":1,"column":1},"end":{"line":127,"column":4}},"1":{"start":{"line":4,"column":0},"end":{"line":6,"column":3}},"2":{"start":{"line":8,"column":17},"end":{"line":8,"column":64}},"3":{"start":{"line":10,"column":18},"end":{"line":10,"column":52}},"4":{"start":{"line":12,"column":16},"end":{"line":12,"column":56}},"5":{"start":{"line":14,"column":16},"end":{"line":14,"column":49}},"6":{"start":{"line":16,"column":11},"end":{"line":16,"column":33}},"7":{"start":{"line":18,"column":12},"end":{"line":18,"column":40}},"8":{"start":{"line":20,"column":13},"end":{"line":20,"column":37}},"9":{"start":{"line":22,"column":17},"end":{"line":22,"column":45}},"10":{"start":{"line":24,"column":19},"end":{"line":24,"column":47}},"11":{"start":{"line":26,"column":20},"end":{"line":26,"column":56}},"12":{"start":{"line":28,"column":12},"end":{"line":28,"column":27}},"13":{"start":{"line":30,"column":39},"end":{"line":30,"column":93}},"14":{"start":{"line":32,"column":0},"end":{"line":120,"column":2}},"15":{"start":{"line":37,"column":4},"end":{"line":39,"column":6}},"16":{"start":{"line":42,"column":4},"end":{"line":42,"column":22}},"17":{"start":{"line":47,"column":18},"end":{"line":47,"column":22}},"18":{"start":{"line":50,"column":19},"end":{"line":50,"column":67}},"19":{"start":{"line":51,"column":6},"end":{"line":102,"column":7}},"20":{"start":{"line":52,"column":22},"end":{"line":52,"column":40}},"21":{"start":{"line":53,"column":8},"end":{"line":53,"column":32}},"22":{"start":{"line":55,"column":25},"end":{"line":100,"column":9}},"23":{"start":{"line":56,"column":23},"end":{"line":56,"column":34}},"24":{"start":{"line":57,"column":10},"end":{"line":64,"column":13}},"25":{"start":{"line":76,"column":24},"end":{"line":76,"column":126}},"26":{"start":{"line":77,"column":20},"end":{"line":77,"column":41}},"27":{"start":{"line":78,"column":25},"end":{"line":84,"column":11}},"28":{"start":{"line":79,"column":26},"end":{"line":79,"column":36}},"29":{"start":{"line":80,"column":12},"end":{"line":80,"column":96}},"30":{"start":{"line":81,"column":12},"end":{"line":81,"column":37}},"31":{"start":{"line":85,"column":23},"end":{"line":85,"column":73}},"32":{"start":{"line":86,"column":10},"end":{"line":86,"column":41}},"33":{"start":{"line":101,"column":8},"end":{"line":101,"column":134}},"34":{"start":{"line":105,"column":21},"end":{"line":105,"column":56}},"35":{"start":{"line":106,"column":26},"end":{"line":106,"column":36}},"36":{"start":{"line":107,"column":6},"end":{"line":113,"column":7}},"37":{"start":{"line":108,"column":8},"end":{"line":112,"column":11}},"38":{"start":{"line":109,"column":10},"end":{"line":111,"column":11}},"39":{"start":{"line":110,"column":12},"end":{"line":110,"column":33}},"40":{"start":{"line":114,"column":6},"end":{"line":114,"column":29}},"41":{"start":{"line":115,"column":15},"end":{"line":115,"column":38}},"42":{"start":{"line":116,"column":6},"end":{"line":116,"column":80}},"43":{"start":{"line":117,"column":6},"end":{"line":117,"column":57}},"44":{"start":{"line":128,"column":0},"end":{"line":128,"column":70}},"45":{"start":{"line":128,"column":31},"end":{"line":128,"column":70}},"46":{"start":{"line":129,"column":24},"end":{"line":129,"column":100}},"47":{"start":{"line":130,"column":0},"end":{"line":130,"column":180}},"48":{"start":{"line":130,"column":54},"end":{"line":130,"column":58}},"49":{"start":{"line":130,"column":66},"end":{"line":130,"column":84}},"50":{"start":{"line":130,"column":92},"end":{"line":130,"column":108}},"51":{"start":{"line":130,"column":109},"end":{"line":130,"column":179}},"52":{"start":{"line":131,"column":0},"end":{"line":131,"column":37}}},"fnMap":{"0":{"name":"(anonymous_0)","decl":{"start":{"line":1,"column":2},"end":{"line":1,"column":3}},"loc":{"start":{"line":1,"column":12},"end":{"line":127,"column":1}},"line":1},"1":{"name":"_interopRequireDefault","decl":{"start":{"line":30,"column":9},"end":{"line":30,"column":31}},"loc":{"start":{"line":30,"column":37},"end":{"line":30,"column":95}},"line":30},"2":{"name":"data","decl":{"start":{"line":36,"column":17},"end":{"line":36,"column":21}},"loc":{"start":{"line":36,"column":24},"end":{"line":40,"column":3}},"line":36},"3":{"name":"mounted","decl":{"start":{"line":41,"column":20},"end":{"line":41,"column":27}},"loc":{"start":{"line":41,"column":30},"end":{"line":43,"column":3}},"line":41},"4":{"name":"getDevices","decl":{"start":{"line":46,"column":25},"end":{"line":46,"column":35}},"loc":{"start":{"line":46,"column":38},"end":{"line":103,"column":5}},"line":46},"5":{"name":"responseWX","decl":{"start":{"line":55,"column":34},"end":{"line":55,"column":44}},"loc":{"start":{"line":55,"column":51},"end":{"line":100,"column":9}},"line":55},"6":{"name":"response","decl":{"start":{"line":78,"column":34},"end":{"line":78,"column":42}},"loc":{"start":{"line":78,"column":48},"end":{"line":84,"column":11}},"line":78},"7":{"name":"getDevice","decl":{"start":{"line":104,"column":24},"end":{"line":104,"column":33}},"loc":{"start":{"line":104,"column":43},"end":{"line":118,"column":5}},"line":104},"8":{"name":"(anonymous_8)","decl":{"start":{"line":108,"column":20},"end":{"line":108,"column":21}},"loc":{"start":{"line":108,"column":36},"end":{"line":112,"column":9}},"line":108},"9":{"name":"render","decl":{"start":{"line":130,"column":35},"end":{"line":130,"column":41}},"loc":{"start":{"line":130,"column":45},"end":{"line":130,"column":180}},"line":130}},"branchMap":{"0":{"loc":{"start":{"line":30,"column":46},"end":{"line":30,"column":92}},"type":"cond-expr","locations":[{"start":{"line":30,"column":70},"end":{"line":30,"column":73}},{"start":{"line":30,"column":76},"end":{"line":30,"column":92}}],"line":30},"1":{"loc":{"start":{"line":30,"column":46},"end":{"line":30,"column":67}},"type":"binary-expr","locations":[{"start":{"line":30,"column":46},"end":{"line":30,"column":49}},{"start":{"line":30,"column":53},"end":{"line":30,"column":67}}],"line":30},"2":{"loc":{"start":{"line":51,"column":6},"end":{"line":102,"column":7}},"type":"if","locations":[{"start":{"line":51,"column":6},"end":{"line":102,"column":7}},{"start":{"line":51,"column":6},"end":{"line":102,"column":7}}],"line":51},"3":{"loc":{"start":{"line":107,"column":6},"end":{"line":113,"column":7}},"type":"if","locations":[{"start":{"line":107,"column":6},"end":{"line":113,"column":7}},{"start":{"line":107,"column":6},"end":{"line":113,"column":7}}],"line":107},"4":{"loc":{"start":{"line":109,"column":10},"end":{"line":111,"column":11}},"type":"if","locations":[{"start":{"line":109,"column":10},"end":{"line":111,"column":11}},{"start":{"line":109,"column":10},"end":{"line":111,"column":11}}],"line":109},"5":{"loc":{"start":{"line":128,"column":0},"end":{"line":128,"column":70}},"type":"if","locations":[{"start":{"line":128,"column":0},"end":{"line":128,"column":70}},{"start":{"line":128,"column":0},"end":{"line":128,"column":70}}],"line":128},"6":{"loc":{"start":{"line":129,"column":24},"end":{"line":129,"column":100}},"type":"cond-expr","locations":[{"start":{"line":129,"column":62},"end":{"line":129,"column":84}},{"start":{"line":129,"column":86},"end":{"line":129,"column":100}}],"line":129},"7":{"loc":{"start":{"line":130,"column":92},"end":{"line":130,"column":108}},"type":"binary-expr","locations":[{"start":{"line":130,"column":92},"end":{"line":130,"column":104}},{"start":{"line":130,"column":106},"end":{"line":130,"column":108}}],"line":130}},"s":{"0":0,"1":0,"2":0,"3":0,"4":0,"5":0,"6":0,"7":0,"8":0,"9":0,"10":0,"11":0,"12":0,"13":0,"14":0,"15":0,"16":0,"17":0,"18":0,"19":0,"20":0,"21":0,"22":0,"23":0,"24":0,"25":0,"26":0,"27":0,"28":0,"29":0,"30":0,"31":0,"32":0,"33":0,"34":0,"35":0,"36":0,"37":0,"38":0,"39":0,"40":0,"41":0,"42":0,"43":0,"44":0,"45":0,"46":0,"47":0,"48":0,"49":0,"50":0,"51":0,"52":0},"f":{"0":0,"1":0,"2":0,"3":0,"4":0,"5":0,"6":0,"7":0,"8":0,"9":0},"b":{"0":[0,0],"1":[0,0],"2":[0,0],"3":[0,0],"4":[0,0],"5":[0,0],"6":[0,0],"7":[0,0]}}
,"D:\\saiyao3\\mobile-vue\\src\\components\\HelloWorld.vue": {"path":"D:\\saiyao3\\mobile-vue\\src\\components\\HelloWorld.vue","statementMap":{"0":{"start":{"line":27,"column":0},"end":{"line":null,"column":-1}}},"fnMap":{"0":{"name":"data","decl":{"start":{"line":26,"column":0},"end":{"line":null,"column":-1}},"loc":{"start":{"line":26,"column":0},"end":{"line":30,"column":0}}}},"branchMap":{},"s":{"0":1},"f":{"0":1},"b":{}}
,"D:\\saiyao3\\mobile-vue\\src\\components\\Index.vue": {"path":"D:\\saiyao3\\mobile-vue\\src\\components\\Index.vue","statementMap":{"0":{"start":{"line":1,"column":1},"end":{"line":360,"column":4}},"1":{"start":{"line":4,"column":0},"end":{"line":6,"column":3}},"2":{"start":{"line":8,"column":17},"end":{"line":8,"column":64}},"3":{"start":{"line":10,"column":18},"end":{"line":10,"column":52}},"4":{"start":{"line":12,"column":16},"end":{"line":12,"column":56}},"5":{"start":{"line":14,"column":16},"end":{"line":14,"column":49}},"6":{"start":{"line":16,"column":11},"end":{"line":16,"column":33}},"7":{"start":{"line":18,"column":12},"end":{"line":18,"column":40}},"8":{"start":{"line":20,"column":13},"end":{"line":20,"column":37}},"9":{"start":{"line":22,"column":17},"end":{"line":22,"column":45}},"10":{"start":{"line":24,"column":11},"end":{"line":24,"column":25}},"11":{"start":{"line":26,"column":14},"end":{"line":26,"column":37}},"12":{"start":{"line":28,"column":15},"end":{"line":28,"column":46}},"13":{"start":{"line":30,"column":19},"end":{"line":30,"column":47}},"14":{"start":{"line":32,"column":20},"end":{"line":32,"column":56}},"15":{"start":{"line":34,"column":15},"end":{"line":34,"column":39}},"16":{"start":{"line":36,"column":16},"end":{"line":36,"column":48}},"17":{"start":{"line":38,"column":18},"end":{"line":38,"column":45}},"18":{"start":{"line":40,"column":19},"end":{"line":40,"column":54}},"19":{"start":{"line":42,"column":14},"end":{"line":42,"column":39}},"20":{"start":{"line":44,"column":12},"end":{"line":44,"column":27}},"21":{"start":{"line":46,"column":39},"end":{"line":46,"column":93}},"22":{"start":{"line":119,"column":0},"end":{"line":359,"column":2}},"23":{"start":{"line":132,"column":4},"end":{"line":150,"column":6}},"24":{"start":{"line":153,"column":4},"end":{"line":153,"column":19}},"25":{"start":{"line":158,"column":18},"end":{"line":158,"column":22}},"26":{"start":{"line":160,"column":18},"end":{"line":160,"column":22}},"27":{"start":{"line":161,"column":23},"end":{"line":161,"column":60}},"28":{"start":{"line":162,"column":6},"end":{"line":165,"column":7}},"29":{"start":{"line":163,"column":8},"end":{"line":163,"column":56}},"30":{"start":{"line":164,"column":8},"end":{"line":164,"column":56}},"31":{"start":{"line":166,"column":20},"end":{"line":166,"column":74}},"32":{"start":{"line":167,"column":16},"end":{"line":167,"column":40}},"33":{"start":{"line":168,"column":21},"end":{"line":193,"column":7}},"34":{"start":{"line":169,"column":25},"end":{"line":169,"column":34}},"35":{"start":{"line":170,"column":19},"end":{"line":170,"column":82}},"36":{"start":{"line":171,"column":8},"end":{"line":171,"column":49}},"37":{"start":{"line":172,"column":8},"end":{"line":172,"column":26}},"38":{"start":{"line":173,"column":23},"end":{"line":175,"column":10}},"39":{"start":{"line":174,"column":10},"end":{"line":174,"column":42}},"40":{"start":{"line":176,"column":25},"end":{"line":178,"column":10}},"41":{"start":{"line":177,"column":10},"end":{"line":177,"column":44}},"42":{"start":{"line":179,"column":25},"end":{"line":181,"column":10}},"43":{"start":{"line":180,"column":10},"end":{"line":180,"column":44}},"44":{"start":{"line":183,"column":8},"end":{"line":186,"column":9}},"45":{"start":{"line":184,"column":10},"end":{"line":184,"column":32}},"46":{"start":{"line":185,"column":10},"end":{"line":185,"column":42}},"47":{"start":{"line":187,"column":8},"end":{"line":189,"column":9}},"48":{"start":{"line":188,"column":10},"end":{"line":188,"column":39}},"49":{"start":{"line":190,"column":8},"end":{"line":192,"column":9}},"50":{"start":{"line":191,"column":10},"end":{"line":191,"column":39}},"51":{"start":{"line":194,"column":19},"end":{"line":194,"column":69}},"52":{"start":{"line":195,"column":6},"end":{"line":195,"column":37}},"53":{"start":{"line":198,"column":19},"end":{"line":198,"column":23}},"54":{"start":{"line":200,"column":21},"end":{"line":202,"column":7}},"55":{"start":{"line":201,"column":8},"end":{"line":201,"column":41}},"56":{"start":{"line":203,"column":23},"end":{"line":203,"column":76}},"57":{"start":{"line":204,"column":6},"end":{"line":204,"column":41}},"58":{"start":{"line":207,"column":18},"end":{"line":207,"column":22}},"59":{"start":{"line":208,"column":21},"end":{"line":223,"column":7}},"60":{"start":{"line":209,"column":19},"end":{"line":209,"column":30}},"61":{"start":{"line":210,"column":8},"end":{"line":219,"column":11}},"62":{"start":{"line":211,"column":10},"end":{"line":215,"column":11}},"63":{"start":{"line":212,"column":12},"end":{"line":212,"column":35}},"64":{"start":{"line":214,"column":12},"end":{"line":214,"column":52}},"65":{"start":{"line":216,"column":10},"end":{"line":216,"column":84}},"66":{"start":{"line":217,"column":10},"end":{"line":217,"column":34}},"67":{"start":{"line":218,"column":10},"end":{"line":218,"column":23}},"68":{"start":{"line":220,"column":8},"end":{"line":220,"column":37}},"69":{"start":{"line":222,"column":8},"end":{"line":222,"column":33}},"70":{"start":{"line":224,"column":6},"end":{"line":224,"column":66}},"71":{"start":{"line":225,"column":21},"end":{"line":225,"column":96}},"72":{"start":{"line":226,"column":6},"end":{"line":226,"column":39}},"73":{"start":{"line":229,"column":19},"end":{"line":229,"column":23}},"74":{"start":{"line":231,"column":21},"end":{"line":244,"column":7}},"75":{"start":{"line":232,"column":19},"end":{"line":232,"column":30}},"76":{"start":{"line":233,"column":8},"end":{"line":242,"column":11}},"77":{"start":{"line":234,"column":10},"end":{"line":238,"column":11}},"78":{"start":{"line":235,"column":12},"end":{"line":235,"column":35}},"79":{"start":{"line":237,"column":12},"end":{"line":237,"column":52}},"80":{"start":{"line":239,"column":10},"end":{"line":239,"column":59}},"81":{"start":{"line":240,"column":10},"end":{"line":240,"column":34}},"82":{"start":{"line":241,"column":10},"end":{"line":241,"column":23}},"83":{"start":{"line":243,"column":8},"end":{"line":243,"column":31}},"84":{"start":{"line":245,"column":21},"end":{"line":245,"column":91}},"85":{"start":{"line":246,"column":6},"end":{"line":246,"column":39}},"86":{"start":{"line":249,"column":18},"end":{"line":249,"column":22}},"87":{"start":{"line":250,"column":21},"end":{"line":263,"column":7}},"88":{"start":{"line":251,"column":19},"end":{"line":251,"column":30}},"89":{"start":{"line":252,"column":8},"end":{"line":261,"column":11}},"90":{"start":{"line":253,"column":10},"end":{"line":257,"column":11}},"91":{"start":{"line":254,"column":12},"end":{"line":254,"column":35}},"92":{"start":{"line":256,"column":12},"end":{"line":256,"column":52}},"93":{"start":{"line":258,"column":10},"end":{"line":258,"column":84}},"94":{"start":{"line":259,"column":10},"end":{"line":259,"column":34}},"95":{"start":{"line":260,"column":10},"end":{"line":260,"column":23}},"96":{"start":{"line":262,"column":8},"end":{"line":262,"column":39}},"97":{"start":{"line":264,"column":23},"end":{"line":264,"column":93}},"98":{"start":{"line":265,"column":6},"end":{"line":265,"column":41}},"99":{"start":{"line":268,"column":15},"end":{"line":268,"column":22}},"100":{"start":{"line":269,"column":20},"end":{"line":269,"column":32}},"101":{"start":{"line":270,"column":16},"end":{"line":270,"column":24}},"102":{"start":{"line":271,"column":17},"end":{"line":271,"column":26}},"103":{"start":{"line":273,"column":18},"end":{"line":273,"column":22}},"104":{"start":{"line":274,"column":6},"end":{"line":274,"column":34}},"105":{"start":{"line":275,"column":20},"end":{"line":277,"column":7}},"106":{"start":{"line":278,"column":6},"end":{"line":280,"column":7}},"107":{"start":{"line":279,"column":8},"end":{"line":279,"column":28}},"108":{"start":{"line":281,"column":6},"end":{"line":283,"column":7}},"109":{"start":{"line":282,"column":8},"end":{"line":282,"column":33}},"110":{"start":{"line":284,"column":6},"end":{"line":289,"column":7}},"111":{"start":{"line":285,"column":8},"end":{"line":285,"column":35}},"112":{"start":{"line":286,"column":8},"end":{"line":288,"column":9}},"113":{"start":{"line":287,"column":10},"end":{"line":287,"column":28}},"114":{"start":{"line":290,"column":21},"end":{"line":304,"column":7}},"115":{"start":{"line":291,"column":19},"end":{"line":291,"column":30}},"116":{"start":{"line":292,"column":8},"end":{"line":301,"column":11}},"117":{"start":{"line":293,"column":10},"end":{"line":297,"column":11}},"118":{"start":{"line":294,"column":12},"end":{"line":294,"column":35}},"119":{"start":{"line":296,"column":12},"end":{"line":296,"column":52}},"120":{"start":{"line":298,"column":10},"end":{"line":298,"column":84}},"121":{"start":{"line":299,"column":10},"end":{"line":299,"column":34}},"122":{"start":{"line":300,"column":10},"end":{"line":300,"column":23}},"123":{"start":{"line":302,"column":8},"end":{"line":302,"column":37}},"124":{"start":{"line":305,"column":19},"end":{"line":305,"column":94}},"125":{"start":{"line":306,"column":6},"end":{"line":306,"column":37}},"126":{"start":{"line":309,"column":24},"end":{"line":309,"column":40}},"127":{"start":{"line":310,"column":30},"end":{"line":310,"column":52}},"128":{"start":{"line":311,"column":24},"end":{"line":311,"column":40}},"129":{"start":{"line":313,"column":6},"end":{"line":313,"column":27}},"130":{"start":{"line":314,"column":6},"end":{"line":338,"column":7}},"131":{"start":{"line":315,"column":19},"end":{"line":319,"column":9}},"132":{"start":{"line":320,"column":8},"end":{"line":322,"column":9}},"133":{"start":{"line":321,"column":10},"end":{"line":321,"column":23}},"134":{"start":{"line":323,"column":8},"end":{"line":323,"column":91}},"135":{"start":{"line":325,"column":8},"end":{"line":325,"column":36}},"136":{"start":{"line":326,"column":8},"end":{"line":326,"column":34}},"137":{"start":{"line":327,"column":8},"end":{"line":327,"column":40}},"138":{"start":{"line":330,"column":20},"end":{"line":333,"column":9}},"139":{"start":{"line":334,"column":8},"end":{"line":334,"column":35}},"140":{"start":{"line":335,"column":8},"end":{"line":335,"column":37}},"141":{"start":{"line":341,"column":6},"end":{"line":341,"column":24}},"142":{"start":{"line":342,"column":6},"end":{"line":342,"column":70}},"143":{"start":{"line":346,"column":17},"end":{"line":346,"column":45}},"144":{"start":{"line":347,"column":6},"end":{"line":353,"column":7}},"145":{"start":{"line":348,"column":8},"end":{"line":351,"column":11}},"146":{"start":{"line":352,"column":8},"end":{"line":352,"column":15}},"147":{"start":{"line":355,"column":6},"end":{"line":355,"column":49}},"148":{"start":{"line":356,"column":6},"end":{"line":356,"column":54}},"149":{"start":{"line":361,"column":0},"end":{"line":361,"column":70}},"150":{"start":{"line":361,"column":31},"end":{"line":361,"column":70}},"151":{"start":{"line":362,"column":24},"end":{"line":362,"column":100}},"152":{"start":{"line":363,"column":0},"end":{"line":363,"column":2560}},"153":{"start":{"line":363,"column":54},"end":{"line":363,"column":58}},"154":{"start":{"line":363,"column":66},"end":{"line":363,"column":84}},"155":{"start":{"line":363,"column":92},"end":{"line":363,"column":108}},"156":{"start":{"line":363,"column":109},"end":{"line":363,"column":2559}},"157":{"start":{"line":363,"column":165},"end":{"line":363,"column":2498}},"158":{"start":{"line":363,"column":748},"end":{"line":363,"column":960}},"159":{"start":{"line":363,"column":881},"end":{"line":363,"column":916}},"160":{"start":{"line":363,"column":1109},"end":{"line":363,"column":1379}},"161":{"start":{"line":363,"column":1211},"end":{"line":363,"column":1232}},"162":{"start":{"line":363,"column":1847},"end":{"line":363,"column":2482}},"163":{"start":{"line":363,"column":2003},"end":{"line":363,"column":2021}},"164":{"start":{"line":363,"column":2450},"end":{"line":363,"column":2472}},"165":{"start":{"line":364,"column":0},"end":{"line":364,"column":615}},"166":{"start":{"line":364,"column":64},"end":{"line":364,"column":68}},"167":{"start":{"line":364,"column":76},"end":{"line":364,"column":94}},"168":{"start":{"line":364,"column":102},"end":{"line":364,"column":118}},"169":{"start":{"line":364,"column":119},"end":{"line":364,"column":237}},"170":{"start":{"line":364,"column":267},"end":{"line":364,"column":271}},"171":{"start":{"line":364,"column":279},"end":{"line":364,"column":297}},"172":{"start":{"line":364,"column":305},"end":{"line":364,"column":321}},"173":{"start":{"line":364,"column":322},"end":{"line":364,"column":429}},"174":{"start":{"line":364,"column":459},"end":{"line":364,"column":463}},"175":{"start":{"line":364,"column":471},"end":{"line":364,"column":489}},"176":{"start":{"line":364,"column":497},"end":{"line":364,"column":513}},"177":{"start":{"line":364,"column":514},"end":{"line":364,"column":613}}},"fnMap":{"0":{"name":"(anonymous_0)","decl":{"start":{"line":1,"column":2},"end":{"line":1,"column":3}},"loc":{"start":{"line":1,"column":12},"end":{"line":360,"column":1}},"line":1},"1":{"name":"_interopRequireDefault","decl":{"start":{"line":46,"column":9},"end":{"line":46,"column":31}},"loc":{"start":{"line":46,"column":37},"end":{"line":46,"column":95}},"line":46},"2":{"name":"data","decl":{"start":{"line":131,"column":17},"end":{"line":131,"column":21}},"loc":{"start":{"line":131,"column":24},"end":{"line":151,"column":3}},"line":131},"3":{"name":"mounted","decl":{"start":{"line":152,"column":20},"end":{"line":152,"column":27}},"loc":{"start":{"line":152,"column":30},"end":{"line":154,"column":3}},"line":152},"4":{"name":"getPage","decl":{"start":{"line":157,"column":22},"end":{"line":157,"column":29}},"loc":{"start":{"line":157,"column":32},"end":{"line":196,"column":5}},"line":157},"5":{"name":"response","decl":{"start":{"line":168,"column":30},"end":{"line":168,"column":38}},"loc":{"start":{"line":168,"column":45},"end":{"line":193,"column":7}},"line":168},"6":{"name":"(anonymous_6)","decl":{"start":{"line":173,"column":35},"end":{"line":173,"column":36}},"loc":{"start":{"line":173,"column":51},"end":{"line":175,"column":9}},"line":173},"7":{"name":"(anonymous_7)","decl":{"start":{"line":176,"column":37},"end":{"line":176,"column":38}},"loc":{"start":{"line":176,"column":53},"end":{"line":178,"column":9}},"line":176},"8":{"name":"(anonymous_8)","decl":{"start":{"line":179,"column":37},"end":{"line":179,"column":38}},"loc":{"start":{"line":179,"column":53},"end":{"line":181,"column":9}},"line":179},"9":{"name":"getCategories","decl":{"start":{"line":197,"column":28},"end":{"line":197,"column":41}},"loc":{"start":{"line":197,"column":44},"end":{"line":205,"column":5}},"line":197},"10":{"name":"response","decl":{"start":{"line":200,"column":30},"end":{"line":200,"column":38}},"loc":{"start":{"line":200,"column":44},"end":{"line":202,"column":7}},"line":200},"11":{"name":"getStoreProducts","decl":{"start":{"line":206,"column":31},"end":{"line":206,"column":47}},"loc":{"start":{"line":206,"column":64},"end":{"line":227,"column":5}},"line":206},"12":{"name":"response","decl":{"start":{"line":208,"column":30},"end":{"line":208,"column":38}},"loc":{"start":{"line":208,"column":44},"end":{"line":223,"column":7}},"line":208},"13":{"name":"(anonymous_13)","decl":{"start":{"line":210,"column":17},"end":{"line":210,"column":18}},"loc":{"start":{"line":210,"column":34},"end":{"line":219,"column":9}},"line":210},"14":{"name":"getHistoryHot","decl":{"start":{"line":228,"column":28},"end":{"line":228,"column":41}},"loc":{"start":{"line":228,"column":51},"end":{"line":247,"column":5}},"line":228},"15":{"name":"response","decl":{"start":{"line":231,"column":30},"end":{"line":231,"column":38}},"loc":{"start":{"line":231,"column":44},"end":{"line":244,"column":7}},"line":231},"16":{"name":"(anonymous_16)","decl":{"start":{"line":233,"column":24},"end":{"line":233,"column":25}},"loc":{"start":{"line":233,"column":41},"end":{"line":242,"column":9}},"line":233},"17":{"name":"getPreProduct","decl":{"start":{"line":248,"column":28},"end":{"line":248,"column":41}},"loc":{"start":{"line":248,"column":51},"end":{"line":266,"column":5}},"line":248},"18":{"name":"response","decl":{"start":{"line":250,"column":30},"end":{"line":250,"column":38}},"loc":{"start":{"line":250,"column":44},"end":{"line":263,"column":7}},"line":250},"19":{"name":"(anonymous_19)","decl":{"start":{"line":252,"column":17},"end":{"line":252,"column":18}},"loc":{"start":{"line":252,"column":34},"end":{"line":261,"column":9}},"line":252},"20":{"name":"handleCate","decl":{"start":{"line":267,"column":25},"end":{"line":267,"column":35}},"loc":{"start":{"line":267,"column":42},"end":{"line":307,"column":5}},"line":267},"21":{"name":"response","decl":{"start":{"line":290,"column":30},"end":{"line":290,"column":38}},"loc":{"start":{"line":290,"column":44},"end":{"line":304,"column":7}},"line":290},"22":{"name":"(anonymous_22)","decl":{"start":{"line":292,"column":17},"end":{"line":292,"column":18}},"loc":{"start":{"line":292,"column":34},"end":{"line":301,"column":9}},"line":292},"23":{"name":"handleTabClick","decl":{"start":{"line":308,"column":29},"end":{"line":308,"column":43}},"loc":{"start":{"line":308,"column":47},"end":{"line":339,"column":5}},"line":308},"24":{"name":"toDetail","decl":{"start":{"line":340,"column":23},"end":{"line":340,"column":31}},"loc":{"start":{"line":340,"column":38},"end":{"line":343,"column":5}},"line":340},"25":{"name":"onItemsClick","decl":{"start":{"line":345,"column":27},"end":{"line":345,"column":39}},"loc":{"start":{"line":345,"column":46},"end":{"line":357,"column":5}},"line":345},"26":{"name":"render","decl":{"start":{"line":363,"column":35},"end":{"line":363,"column":41}},"loc":{"start":{"line":363,"column":45},"end":{"line":363,"column":2560}},"line":363},"27":{"name":"(anonymous_27)","decl":{"start":{"line":363,"column":144},"end":{"line":363,"column":145}},"loc":{"start":{"line":363,"column":164},"end":{"line":363,"column":2499}},"line":363},"28":{"name":"(anonymous_28)","decl":{"start":{"line":363,"column":733},"end":{"line":363,"column":734}},"loc":{"start":{"line":363,"column":747},"end":{"line":363,"column":961}},"line":363},"29":{"name":"(anonymous_29)","decl":{"start":{"line":363,"column":864},"end":{"line":363,"column":865}},"loc":{"start":{"line":363,"column":880},"end":{"line":363,"column":917}},"line":363},"30":{"name":"(anonymous_30)","decl":{"start":{"line":363,"column":1092},"end":{"line":363,"column":1093}},"loc":{"start":{"line":363,"column":1108},"end":{"line":363,"column":1380}},"line":363},"31":{"name":"(anonymous_31)","decl":{"start":{"line":363,"column":1194},"end":{"line":363,"column":1195}},"loc":{"start":{"line":363,"column":1210},"end":{"line":363,"column":1233}},"line":363},"32":{"name":"(anonymous_32)","decl":{"start":{"line":363,"column":1830},"end":{"line":363,"column":1831}},"loc":{"start":{"line":363,"column":1846},"end":{"line":363,"column":2483}},"line":363},"33":{"name":"(anonymous_33)","decl":{"start":{"line":363,"column":1986},"end":{"line":363,"column":1987}},"loc":{"start":{"line":363,"column":2002},"end":{"line":363,"column":2022}},"line":363},"34":{"name":"(anonymous_34)","decl":{"start":{"line":363,"column":2433},"end":{"line":363,"column":2434}},"loc":{"start":{"line":363,"column":2449},"end":{"line":363,"column":2473}},"line":363},"35":{"name":"render","decl":{"start":{"line":364,"column":45},"end":{"line":364,"column":51}},"loc":{"start":{"line":364,"column":55},"end":{"line":364,"column":238}},"line":364},"36":{"name":"render","decl":{"start":{"line":364,"column":248},"end":{"line":364,"column":254}},"loc":{"start":{"line":364,"column":258},"end":{"line":364,"column":430}},"line":364},"37":{"name":"render","decl":{"start":{"line":364,"column":440},"end":{"line":364,"column":446}},"loc":{"start":{"line":364,"column":450},"end":{"line":364,"column":614}},"line":364}},"branchMap":{"0":{"loc":{"start":{"line":46,"column":46},"end":{"line":46,"column":92}},"type":"cond-expr","locations":[{"start":{"line":46,"column":70},"end":{"line":46,"column":73}},{"start":{"line":46,"column":76},"end":{"line":46,"column":92}}],"line":46},"1":{"loc":{"start":{"line":46,"column":46},"end":{"line":46,"column":67}},"type":"binary-expr","locations":[{"start":{"line":46,"column":46},"end":{"line":46,"column":49}},{"start":{"line":46,"column":53},"end":{"line":46,"column":67}}],"line":46},"2":{"loc":{"start":{"line":162,"column":6},"end":{"line":165,"column":7}},"type":"if","locations":[{"start":{"line":162,"column":6},"end":{"line":165,"column":7}},{"start":{"line":162,"column":6},"end":{"line":165,"column":7}}],"line":162},"3":{"loc":{"start":{"line":170,"column":19},"end":{"line":170,"column":82}},"type":"binary-expr","locations":[{"start":{"line":170,"column":19},"end":{"line":170,"column":29}},{"start":{"line":170,"column":33},"end":{"line":170,"column":56}},{"start":{"line":170,"column":60},"end":{"line":170,"column":82}}],"line":170},"4":{"loc":{"start":{"line":171,"column":15},"end":{"line":171,"column":48}},"type":"cond-expr","locations":[{"start":{"line":171,"column":39},"end":{"line":171,"column":43}},{"start":{"line":171,"column":46},"end":{"line":171,"column":48}}],"line":171},"5":{"loc":{"start":{"line":183,"column":8},"end":{"line":186,"column":9}},"type":"if","locations":[{"start":{"line":183,"column":8},"end":{"line":186,"column":9}},{"start":{"line":183,"column":8},"end":{"line":186,"column":9}}],"line":183},"6":{"loc":{"start":{"line":187,"column":8},"end":{"line":189,"column":9}},"type":"if","locations":[{"start":{"line":187,"column":8},"end":{"line":189,"column":9}},{"start":{"line":187,"column":8},"end":{"line":189,"column":9}}],"line":187},"7":{"loc":{"start":{"line":190,"column":8},"end":{"line":192,"column":9}},"type":"if","locations":[{"start":{"line":190,"column":8},"end":{"line":192,"column":9}},{"start":{"line":190,"column":8},"end":{"line":192,"column":9}}],"line":190},"8":{"loc":{"start":{"line":211,"column":10},"end":{"line":215,"column":11}},"type":"if","locations":[{"start":{"line":211,"column":10},"end":{"line":215,"column":11}},{"start":{"line":211,"column":10},"end":{"line":215,"column":11}}],"line":211},"9":{"loc":{"start":{"line":211,"column":14},"end":{"line":211,"column":70}},"type":"binary-expr","locations":[{"start":{"line":211,"column":14},"end":{"line":211,"column":40}},{"start":{"line":211,"column":44},"end":{"line":211,"column":70}}],"line":211},"10":{"loc":{"start":{"line":234,"column":10},"end":{"line":238,"column":11}},"type":"if","locations":[{"start":{"line":234,"column":10},"end":{"line":238,"column":11}},{"start":{"line":234,"column":10},"end":{"line":238,"column":11}}],"line":234},"11":{"loc":{"start":{"line":234,"column":14},"end":{"line":234,"column":70}},"type":"binary-expr","locations":[{"start":{"line":234,"column":14},"end":{"line":234,"column":40}},{"start":{"line":234,"column":44},"end":{"line":234,"column":70}}],"line":234},"12":{"loc":{"start":{"line":253,"column":10},"end":{"line":257,"column":11}},"type":"if","locations":[{"start":{"line":253,"column":10},"end":{"line":257,"column":11}},{"start":{"line":253,"column":10},"end":{"line":257,"column":11}}],"line":253},"13":{"loc":{"start":{"line":253,"column":14},"end":{"line":253,"column":70}},"type":"binary-expr","locations":[{"start":{"line":253,"column":14},"end":{"line":253,"column":40}},{"start":{"line":253,"column":44},"end":{"line":253,"column":70}}],"line":253},"14":{"loc":{"start":{"line":278,"column":6},"end":{"line":280,"column":7}},"type":"if","locations":[{"start":{"line":278,"column":6},"end":{"line":280,"column":7}},{"start":{"line":278,"column":6},"end":{"line":280,"column":7}}],"line":278},"15":{"loc":{"start":{"line":281,"column":6},"end":{"line":283,"column":7}},"type":"if","locations":[{"start":{"line":281,"column":6},"end":{"line":283,"column":7}},{"start":{"line":281,"column":6},"end":{"line":283,"column":7}}],"line":281},"16":{"loc":{"start":{"line":284,"column":6},"end":{"line":289,"column":7}},"type":"if","locations":[{"start":{"line":284,"column":6},"end":{"line":289,"column":7}},{"start":{"line":284,"column":6},"end":{"line":289,"column":7}}],"line":284},"17":{"loc":{"start":{"line":286,"column":8},"end":{"line":288,"column":9}},"type":"if","locations":[{"start":{"line":286,"column":8},"end":{"line":288,"column":9}},{"start":{"line":286,"column":8},"end":{"line":288,"column":9}}],"line":286},"18":{"loc":{"start":{"line":293,"column":10},"end":{"line":297,"column":11}},"type":"if","locations":[{"start":{"line":293,"column":10},"end":{"line":297,"column":11}},{"start":{"line":293,"column":10},"end":{"line":297,"column":11}}],"line":293},"19":{"loc":{"start":{"line":293,"column":14},"end":{"line":293,"column":70}},"type":"binary-expr","locations":[{"start":{"line":293,"column":14},"end":{"line":293,"column":40}},{"start":{"line":293,"column":44},"end":{"line":293,"column":70}}],"line":293},"20":{"loc":{"start":{"line":314,"column":6},"end":{"line":338,"column":7}},"type":"if","locations":[{"start":{"line":314,"column":6},"end":{"line":338,"column":7}},{"start":{"line":314,"column":6},"end":{"line":338,"column":7}}],"line":314},"21":{"loc":{"start":{"line":320,"column":8},"end":{"line":322,"column":9}},"type":"if","locations":[{"start":{"line":320,"column":8},"end":{"line":322,"column":9}},{"start":{"line":320,"column":8},"end":{"line":322,"column":9}}],"line":320},"22":{"loc":{"start":{"line":347,"column":6},"end":{"line":353,"column":7}},"type":"if","locations":[{"start":{"line":347,"column":6},"end":{"line":353,"column":7}},{"start":{"line":347,"column":6},"end":{"line":353,"column":7}}],"line":347},"23":{"loc":{"start":{"line":347,"column":10},"end":{"line":347,"column":45}},"type":"binary-expr","locations":[{"start":{"line":347,"column":10},"end":{"line":347,"column":14}},{"start":{"line":347,"column":18},"end":{"line":347,"column":45}}],"line":347},"24":{"loc":{"start":{"line":361,"column":0},"end":{"line":361,"column":70}},"type":"if","locations":[{"start":{"line":361,"column":0},"end":{"line":361,"column":70}},{"start":{"line":361,"column":0},"end":{"line":361,"column":70}}],"line":361},"25":{"loc":{"start":{"line":362,"column":24},"end":{"line":362,"column":100}},"type":"cond-expr","locations":[{"start":{"line":362,"column":62},"end":{"line":362,"column":84}},{"start":{"line":362,"column":86},"end":{"line":362,"column":100}}],"line":362},"26":{"loc":{"start":{"line":363,"column":92},"end":{"line":363,"column":108}},"type":"binary-expr","locations":[{"start":{"line":363,"column":92},"end":{"line":363,"column":104}},{"start":{"line":363,"column":106},"end":{"line":363,"column":108}}],"line":363},"27":{"loc":{"start":{"line":363,"column":182},"end":{"line":363,"column":263}},"type":"cond-expr","locations":[{"start":{"line":363,"column":206},"end":{"line":363,"column":254}},{"start":{"line":363,"column":255},"end":{"line":363,"column":263}}],"line":363},"28":{"loc":{"start":{"line":363,"column":276},"end":{"line":363,"column":454}},"type":"cond-expr","locations":[{"start":{"line":363,"column":299},"end":{"line":363,"column":445}},{"start":{"line":363,"column":446},"end":{"line":363,"column":454}}],"line":363},"29":{"loc":{"start":{"line":363,"column":330},"end":{"line":363,"column":359}},"type":"binary-expr","locations":[{"start":{"line":363,"column":330},"end":{"line":363,"column":344}},{"start":{"line":363,"column":348},"end":{"line":363,"column":359}}],"line":363},"30":{"loc":{"start":{"line":363,"column":467},"end":{"line":363,"column":1502}},"type":"cond-expr","locations":[{"start":{"line":363,"column":493},"end":{"line":363,"column":1493}},{"start":{"line":363,"column":1494},"end":{"line":363,"column":1502}}],"line":363},"31":{"loc":{"start":{"line":363,"column":616},"end":{"line":363,"column":650}},"type":"binary-expr","locations":[{"start":{"line":363,"column":616},"end":{"line":363,"column":638}},{"start":{"line":363,"column":642},"end":{"line":363,"column":650}}],"line":363},"32":{"loc":{"start":{"line":363,"column":799},"end":{"line":363,"column":850}},"type":"binary-expr","locations":[{"start":{"line":363,"column":799},"end":{"line":363,"column":838}},{"start":{"line":363,"column":842},"end":{"line":363,"column":850}}],"line":363},"33":{"loc":{"start":{"line":363,"column":1023},"end":{"line":363,"column":1391}},"type":"cond-expr","locations":[{"start":{"line":363,"column":1044},"end":{"line":363,"column":1382}},{"start":{"line":363,"column":1383},"end":{"line":363,"column":1391}}],"line":363},"34":{"loc":{"start":{"line":363,"column":1148},"end":{"line":363,"column":1180}},"type":"binary-expr","locations":[{"start":{"line":363,"column":1148},"end":{"line":363,"column":1168}},{"start":{"line":363,"column":1172},"end":{"line":363,"column":1180}}],"line":363},"35":{"loc":{"start":{"line":363,"column":1254},"end":{"line":363,"column":1346}},"type":"binary-expr","locations":[{"start":{"line":363,"column":1254},"end":{"line":363,"column":1260}},{"start":{"line":363,"column":1264},"end":{"line":363,"column":1346}}],"line":363},"36":{"loc":{"start":{"line":363,"column":1279},"end":{"line":363,"column":1345}},"type":"binary-expr","locations":[{"start":{"line":363,"column":1279},"end":{"line":363,"column":1296}},{"start":{"line":363,"column":1301},"end":{"line":363,"column":1344}}],"line":363},"37":{"loc":{"start":{"line":363,"column":1301},"end":{"line":363,"column":1344}},"type":"cond-expr","locations":[{"start":{"line":363,"column":1319},"end":{"line":363,"column":1330}},{"start":{"line":363,"column":1333},"end":{"line":363,"column":1344}}],"line":363},"38":{"loc":{"start":{"line":363,"column":1515},"end":{"line":363,"column":1690}},"type":"cond-expr","locations":[{"start":{"line":363,"column":1543},"end":{"line":363,"column":1681}},{"start":{"line":363,"column":1682},"end":{"line":363,"column":1690}}],"line":363},"39":{"loc":{"start":{"line":363,"column":1703},"end":{"line":363,"column":2496}},"type":"cond-expr","locations":[{"start":{"line":363,"column":1731},"end":{"line":363,"column":2487}},{"start":{"line":363,"column":2488},"end":{"line":363,"column":2496}}],"line":363},"40":{"loc":{"start":{"line":363,"column":2263},"end":{"line":363,"column":2344}},"type":"cond-expr","locations":[{"start":{"line":363,"column":2276},"end":{"line":363,"column":2335}},{"start":{"line":363,"column":2336},"end":{"line":363,"column":2344}}],"line":363},"41":{"loc":{"start":{"line":364,"column":102},"end":{"line":364,"column":118}},"type":"binary-expr","locations":[{"start":{"line":364,"column":102},"end":{"line":364,"column":114}},{"start":{"line":364,"column":116},"end":{"line":364,"column":118}}],"line":364},"42":{"loc":{"start":{"line":364,"column":305},"end":{"line":364,"column":321}},"type":"binary-expr","locations":[{"start":{"line":364,"column":305},"end":{"line":364,"column":317}},{"start":{"line":364,"column":319},"end":{"line":364,"column":321}}],"line":364},"43":{"loc":{"start":{"line":364,"column":497},"end":{"line":364,"column":513}},"type":"binary-expr","locations":[{"start":{"line":364,"column":497},"end":{"line":364,"column":509}},{"start":{"line":364,"column":511},"end":{"line":364,"column":513}}],"line":364}},"s":{"0":0,"1":0,"2":0,"3":0,"4":0,"5":0,"6":0,"7":0,"8":0,"9":0,"10":0,"11":0,"12":0,"13":0,"14":0,"15":0,"16":0,"17":0,"18":0,"19":0,"20":0,"21":0,"22":0,"23":0,"24":0,"25":0,"26":0,"27":0,"28":0,"29":0,"30":0,"31":0,"32":0,"33":0,"34":0,"35":0,"36":0,"37":0,"38":0,"39":0,"40":0,"41":0,"42":0,"43":0,"44":0,"45":0,"46":0,"47":0,"48":0,"49":0,"50":0,"51":0,"52":0,"53":0,"54":0,"55":0,"56":0,"57":0,"58":0,"59":0,"60":0,"61":0,"62":0,"63":0,"64":0,"65":0,"66":0,"67":0,"68":0,"69":0,"70":0,"71":0,"72":0,"73":0,"74":0,"75":0,"76":0,"77":0,"78":0,"79":0,"80":0,"81":0,"82":0,"83":0,"84":0,"85":0,"86":0,"87":0,"88":0,"89":0,"90":0,"91":0,"92":0,"93":0,"94":0,"95":0,"96":0,"97":0,"98":0,"99":0,"100":0,"101":0,"102":0,"103":0,"104":0,"105":0,"106":0,"107":0,"108":0,"109":0,"110":0,"111":0,"112":0,"113":0,"114":0,"115":0,"116":0,"117":0,"118":0,"119":0,"120":0,"121":0,"122":0,"123":0,"124":0,"125":0,"126":0,"127":0,"128":0,"129":0,"130":0,"131":0,"132":0,"133":0,"134":0,"135":0,"136":0,"137":0,"138":0,"139":0,"140":0,"141":0,"142":0,"143":0,"144":0,"145":0,"146":0,"147":0,"148":0,"149":0,"150":0,"151":0,"152":0,"153":0,"154":0,"155":0,"156":0,"157":0,"158":0,"159":0,"160":0,"161":0,"162":0,"163":0,"164":0,"165":0,"166":0,"167":0,"168":0,"169":0,"170":0,"171":0,"172":0,"173":0,"174":0,"175":0,"176":0,"177":0},"f":{"0":0,"1":0,"2":0,"3":0,"4":0,"5":0,"6":0,"7":0,"8":0,"9":0,"10":0,"11":0,"12":0,"13":0,"14":0,"15":0,"16":0,"17":0,"18":0,"19":0,"20":0,"21":0,"22":0,"23":0,"24":0,"25":0,"26":0,"27":0,"28":0,"29":0,"30":0,"31":0,"32":0,"33":0,"34":0,"35":0,"36":0,"37":0},"b":{"0":[0,0],"1":[0,0],"2":[0,0],"3":[0,0,0],"4":[0,0],"5":[0,0],"6":[0,0],"7":[0,0],"8":[0,0],"9":[0,0],"10":[0,0],"11":[0,0],"12":[0,0],"13":[0,0],"14":[0,0],"15":[0,0],"16":[0,0],"17":[0,0],"18":[0,0],"19":[0,0],"20":[0,0],"21":[0,0],"22":[0,0],"23":[0,0],"24":[0,0],"25":[0,0],"26":[0,0],"27":[0,0],"28":[0,0],"29":[0,0],"30":[0,0],"31":[0,0],"32":[0,0],"33":[0,0],"34":[0,0],"35":[0,0],"36":[0,0],"37":[0,0],"38":[0,0],"39":[0,0],"40":[0,0],"41":[0,0],"42":[0,0],"43":[0,0]}}
,"D:\\saiyao3\\mobile-vue\\src\\components\\List.vue": {"path":"D:\\saiyao3\\mobile-vue\\src\\components\\List.vue","statementMap":{"0":{"start":{"line":1,"column":1},"end":{"line":118,"column":4}},"1":{"start":{"line":4,"column":0},"end":{"line":6,"column":3}},"2":{"start":{"line":8,"column":16},"end":{"line":8,"column":56}},"3":{"start":{"line":10,"column":16},"end":{"line":10,"column":49}},"4":{"start":{"line":12,"column":19},"end":{"line":12,"column":47}},"5":{"start":{"line":14,"column":20},"end":{"line":14,"column":56}},"6":{"start":{"line":16,"column":12},"end":{"line":16,"column":27}},"7":{"start":{"line":18,"column":19},"end":{"line":18,"column":47}},"8":{"start":{"line":20,"column":20},"end":{"line":20,"column":56}},"9":{"start":{"line":22,"column":17},"end":{"line":22,"column":45}},"10":{"start":{"line":24,"column":18},"end":{"line":24,"column":45}},"11":{"start":{"line":26,"column":19},"end":{"line":26,"column":54}},"12":{"start":{"line":28,"column":39},"end":{"line":28,"column":93}},"13":{"start":{"line":31,"column":0},"end":{"line":103,"column":2}},"14":{"start":{"line":38,"column":4},"end":{"line":41,"column":6}},"15":{"start":{"line":44,"column":4},"end":{"line":44,"column":20}},"16":{"start":{"line":49,"column":6},"end":{"line":49,"column":40}},"17":{"start":{"line":52,"column":6},"end":{"line":52,"column":34}},"18":{"start":{"line":55,"column":6},"end":{"line":55,"column":32}},"19":{"start":{"line":60,"column":19},"end":{"line":60,"column":67}},"20":{"start":{"line":61,"column":6},"end":{"line":64,"column":7}},"21":{"start":{"line":62,"column":22},"end":{"line":62,"column":40}},"22":{"start":{"line":63,"column":8},"end":{"line":63,"column":32}},"23":{"start":{"line":65,"column":15},"end":{"line":65,"column":36}},"24":{"start":{"line":66,"column":6},"end":{"line":66,"column":51}},"25":{"start":{"line":69,"column":6},"end":{"line":69,"column":46}},"26":{"start":{"line":70,"column":6},"end":{"line":70,"column":44}},"27":{"start":{"line":71,"column":6},"end":{"line":71,"column":38}},"28":{"start":{"line":74,"column":21},"end":{"line":74,"column":56}},"29":{"start":{"line":75,"column":26},"end":{"line":75,"column":36}},"30":{"start":{"line":76,"column":6},"end":{"line":82,"column":7}},"31":{"start":{"line":77,"column":8},"end":{"line":81,"column":11}},"32":{"start":{"line":78,"column":10},"end":{"line":80,"column":11}},"33":{"start":{"line":79,"column":12},"end":{"line":79,"column":33}},"34":{"start":{"line":84,"column":15},"end":{"line":84,"column":38}},"35":{"start":{"line":85,"column":6},"end":{"line":85,"column":80}},"36":{"start":{"line":86,"column":6},"end":{"line":86,"column":57}},"37":{"start":{"line":90,"column":17},"end":{"line":90,"column":45}},"38":{"start":{"line":91,"column":6},"end":{"line":97,"column":7}},"39":{"start":{"line":92,"column":8},"end":{"line":95,"column":11}},"40":{"start":{"line":96,"column":8},"end":{"line":96,"column":15}},"41":{"start":{"line":99,"column":6},"end":{"line":99,"column":49}},"42":{"start":{"line":100,"column":6},"end":{"line":100,"column":54}},"43":{"start":{"line":119,"column":0},"end":{"line":119,"column":70}},"44":{"start":{"line":119,"column":31},"end":{"line":119,"column":70}},"45":{"start":{"line":120,"column":24},"end":{"line":120,"column":100}},"46":{"start":{"line":121,"column":0},"end":{"line":121,"column":517}},"47":{"start":{"line":121,"column":54},"end":{"line":121,"column":58}},"48":{"start":{"line":121,"column":66},"end":{"line":121,"column":84}},"49":{"start":{"line":121,"column":92},"end":{"line":121,"column":108}},"50":{"start":{"line":121,"column":109},"end":{"line":121,"column":516}},"51":{"start":{"line":122,"column":0},"end":{"line":122,"column":37}}},"fnMap":{"0":{"name":"(anonymous_0)","decl":{"start":{"line":1,"column":2},"end":{"line":1,"column":3}},"loc":{"start":{"line":1,"column":12},"end":{"line":118,"column":1}},"line":1},"1":{"name":"_interopRequireDefault","decl":{"start":{"line":28,"column":9},"end":{"line":28,"column":31}},"loc":{"start":{"line":28,"column":37},"end":{"line":28,"column":95}},"line":28},"2":{"name":"data","decl":{"start":{"line":37,"column":17},"end":{"line":37,"column":21}},"loc":{"start":{"line":37,"column":24},"end":{"line":42,"column":3}},"line":37},"3":{"name":"mounted","decl":{"start":{"line":43,"column":20},"end":{"line":43,"column":27}},"loc":{"start":{"line":43,"column":30},"end":{"line":45,"column":3}},"line":43},"4":{"name":"currentDevice","decl":{"start":{"line":48,"column":28},"end":{"line":48,"column":41}},"loc":{"start":{"line":48,"column":49},"end":{"line":50,"column":5}},"line":48},"5":{"name":"devices","decl":{"start":{"line":51,"column":22},"end":{"line":51,"column":29}},"loc":{"start":{"line":51,"column":37},"end":{"line":53,"column":5}},"line":51},"6":{"name":"products","decl":{"start":{"line":54,"column":23},"end":{"line":54,"column":31}},"loc":{"start":{"line":54,"column":39},"end":{"line":56,"column":5}},"line":54},"7":{"name":"getItems","decl":{"start":{"line":59,"column":23},"end":{"line":59,"column":31}},"loc":{"start":{"line":59,"column":34},"end":{"line":67,"column":5}},"line":59},"8":{"name":"onDevicesClick","decl":{"start":{"line":68,"column":29},"end":{"line":68,"column":43}},"loc":{"start":{"line":68,"column":46},"end":{"line":72,"column":5}},"line":68},"9":{"name":"getDevice","decl":{"start":{"line":73,"column":24},"end":{"line":73,"column":33}},"loc":{"start":{"line":73,"column":43},"end":{"line":87,"column":5}},"line":73},"10":{"name":"(anonymous_10)","decl":{"start":{"line":77,"column":20},"end":{"line":77,"column":21}},"loc":{"start":{"line":77,"column":36},"end":{"line":81,"column":9}},"line":77},"11":{"name":"onItemsClick","decl":{"start":{"line":89,"column":27},"end":{"line":89,"column":39}},"loc":{"start":{"line":89,"column":46},"end":{"line":101,"column":5}},"line":89},"12":{"name":"render","decl":{"start":{"line":121,"column":35},"end":{"line":121,"column":41}},"loc":{"start":{"line":121,"column":45},"end":{"line":121,"column":517}},"line":121}},"branchMap":{"0":{"loc":{"start":{"line":28,"column":46},"end":{"line":28,"column":92}},"type":"cond-expr","locations":[{"start":{"line":28,"column":70},"end":{"line":28,"column":73}},{"start":{"line":28,"column":76},"end":{"line":28,"column":92}}],"line":28},"1":{"loc":{"start":{"line":28,"column":46},"end":{"line":28,"column":67}},"type":"binary-expr","locations":[{"start":{"line":28,"column":46},"end":{"line":28,"column":49}},{"start":{"line":28,"column":53},"end":{"line":28,"column":67}}],"line":28},"2":{"loc":{"start":{"line":61,"column":6},"end":{"line":64,"column":7}},"type":"if","locations":[{"start":{"line":61,"column":6},"end":{"line":64,"column":7}},{"start":{"line":61,"column":6},"end":{"line":64,"column":7}}],"line":61},"3":{"loc":{"start":{"line":76,"column":6},"end":{"line":82,"column":7}},"type":"if","locations":[{"start":{"line":76,"column":6},"end":{"line":82,"column":7}},{"start":{"line":76,"column":6},"end":{"line":82,"column":7}}],"line":76},"4":{"loc":{"start":{"line":78,"column":10},"end":{"line":80,"column":11}},"type":"if","locations":[{"start":{"line":78,"column":10},"end":{"line":80,"column":11}},{"start":{"line":78,"column":10},"end":{"line":80,"column":11}}],"line":78},"5":{"loc":{"start":{"line":91,"column":6},"end":{"line":97,"column":7}},"type":"if","locations":[{"start":{"line":91,"column":6},"end":{"line":97,"column":7}},{"start":{"line":91,"column":6},"end":{"line":97,"column":7}}],"line":91},"6":{"loc":{"start":{"line":91,"column":10},"end":{"line":91,"column":45}},"type":"binary-expr","locations":[{"start":{"line":91,"column":10},"end":{"line":91,"column":14}},{"start":{"line":91,"column":18},"end":{"line":91,"column":45}}],"line":91},"7":{"loc":{"start":{"line":119,"column":0},"end":{"line":119,"column":70}},"type":"if","locations":[{"start":{"line":119,"column":0},"end":{"line":119,"column":70}},{"start":{"line":119,"column":0},"end":{"line":119,"column":70}}],"line":119},"8":{"loc":{"start":{"line":120,"column":24},"end":{"line":120,"column":100}},"type":"cond-expr","locations":[{"start":{"line":120,"column":62},"end":{"line":120,"column":84}},{"start":{"line":120,"column":86},"end":{"line":120,"column":100}}],"line":120},"9":{"loc":{"start":{"line":121,"column":92},"end":{"line":121,"column":108}},"type":"binary-expr","locations":[{"start":{"line":121,"column":92},"end":{"line":121,"column":104}},{"start":{"line":121,"column":106},"end":{"line":121,"column":108}}],"line":121}},"s":{"0":0,"1":0,"2":0,"3":0,"4":0,"5":0,"6":0,"7":0,"8":0,"9":0,"10":0,"11":0,"12":0,"13":0,"14":0,"15":0,"16":0,"17":0,"18":0,"19":0,"20":0,"21":0,"22":0,"23":0,"24":0,"25":0,"26":0,"27":0,"28":0,"29":0,"30":0,"31":0,"32":0,"33":0,"34":0,"35":0,"36":0,"37":0,"38":0,"39":0,"40":0,"41":0,"42":0,"43":0,"44":0,"45":0,"46":0,"47":0,"48":0,"49":0,"50":0,"51":0},"f":{"0":0,"1":0,"2":0,"3":0,"4":0,"5":0,"6":0,"7":0,"8":0,"9":0,"10":0,"11":0,"12":0},"b":{"0":[0,0],"1":[0,0],"2":[0,0],"3":[0,0],"4":[0,0],"5":[0,0],"6":[0,0],"7":[0,0],"8":[0,0],"9":[0,0]}}
,"D:\\saiyao3\\mobile-vue\\src\\components\\NotFound.vue": {"path":"D:\\saiyao3\\mobile-vue\\src\\components\\NotFound.vue","statementMap":{"0":{"start":{"line":1,"column":1},"end":{"line":31,"column":4}},"1":{"start":{"line":4,"column":0},"end":{"line":6,"column":3}},"2":{"start":{"line":8,"column":11},"end":{"line":8,"column":25}},"3":{"start":{"line":10,"column":0},"end":{"line":24,"column":2}},"4":{"start":{"line":16,"column":4},"end":{"line":16,"column":14}},"5":{"start":{"line":21,"column":6},"end":{"line":21,"column":26}},"6":{"start":{"line":32,"column":0},"end":{"line":32,"column":70}},"7":{"start":{"line":32,"column":31},"end":{"line":32,"column":70}},"8":{"start":{"line":33,"column":24},"end":{"line":33,"column":100}},"9":{"start":{"line":34,"column":0},"end":{"line":34,"column":392}},"10":{"start":{"line":34,"column":54},"end":{"line":34,"column":58}},"11":{"start":{"line":34,"column":66},"end":{"line":34,"column":84}},"12":{"start":{"line":34,"column":92},"end":{"line":34,"column":108}},"13":{"start":{"line":34,"column":109},"end":{"line":34,"column":391}},"14":{"start":{"line":34,"column":345},"end":{"line":34,"column":363}},"15":{"start":{"line":35,"column":0},"end":{"line":35,"column":163}},"16":{"start":{"line":35,"column":64},"end":{"line":35,"column":68}},"17":{"start":{"line":35,"column":76},"end":{"line":35,"column":94}},"18":{"start":{"line":35,"column":102},"end":{"line":35,"column":118}},"19":{"start":{"line":35,"column":119},"end":{"line":35,"column":161}}},"fnMap":{"0":{"name":"(anonymous_0)","decl":{"start":{"line":1,"column":2},"end":{"line":1,"column":3}},"loc":{"start":{"line":1,"column":12},"end":{"line":31,"column":1}},"line":1},"1":{"name":"data","decl":{"start":{"line":15,"column":17},"end":{"line":15,"column":21}},"loc":{"start":{"line":15,"column":24},"end":{"line":17,"column":3}},"line":15},"2":{"name":"goBack","decl":{"start":{"line":20,"column":21},"end":{"line":20,"column":27}},"loc":{"start":{"line":20,"column":30},"end":{"line":22,"column":5}},"line":20},"3":{"name":"render","decl":{"start":{"line":34,"column":35},"end":{"line":34,"column":41}},"loc":{"start":{"line":34,"column":45},"end":{"line":34,"column":392}},"line":34},"4":{"name":"(anonymous_4)","decl":{"start":{"line":34,"column":328},"end":{"line":34,"column":329}},"loc":{"start":{"line":34,"column":344},"end":{"line":34,"column":364}},"line":34},"5":{"name":"render","decl":{"start":{"line":35,"column":45},"end":{"line":35,"column":51}},"loc":{"start":{"line":35,"column":55},"end":{"line":35,"column":162}},"line":35}},"branchMap":{"0":{"loc":{"start":{"line":32,"column":0},"end":{"line":32,"column":70}},"type":"if","locations":[{"start":{"line":32,"column":0},"end":{"line":32,"column":70}},{"start":{"line":32,"column":0},"end":{"line":32,"column":70}}],"line":32},"1":{"loc":{"start":{"line":33,"column":24},"end":{"line":33,"column":100}},"type":"cond-expr","locations":[{"start":{"line":33,"column":62},"end":{"line":33,"column":84}},{"start":{"line":33,"column":86},"end":{"line":33,"column":100}}],"line":33},"2":{"loc":{"start":{"line":34,"column":92},"end":{"line":34,"column":108}},"type":"binary-expr","locations":[{"start":{"line":34,"column":92},"end":{"line":34,"column":104}},{"start":{"line":34,"column":106},"end":{"line":34,"column":108}}],"line":34},"3":{"loc":{"start":{"line":35,"column":102},"end":{"line":35,"column":118}},"type":"binary-expr","locations":[{"start":{"line":35,"column":102},"end":{"line":35,"column":114}},{"start":{"line":35,"column":116},"end":{"line":35,"column":118}}],"line":35}},"s":{"0":0,"1":0,"2":0,"3":0,"4":0,"5":0,"6":0,"7":0,"8":0,"9":0,"10":0,"11":0,"12":0,"13":0,"14":0,"15":0,"16":0,"17":0,"18":0,"19":0},"f":{"0":0,"1":0,"2":0,"3":0,"4":0,"5":0},"b":{"0":[0,0],"1":[0,0],"2":[0,0],"3":[0,0]}}
,"D:\\saiyao3\\mobile-vue\\src\\components\\Order---.vue": {"path":"D:\\saiyao3\\mobile-vue\\src\\components\\Order---.vue","statementMap":{"0":{"start":{"line":1,"column":1},"end":{"line":281,"column":4}},"1":{"start":{"line":4,"column":0},"end":{"line":6,"column":3}},"2":{"start":{"line":8,"column":11},"end":{"line":8,"column":33}},"3":{"start":{"line":10,"column":12},"end":{"line":10,"column":40}},"4":{"start":{"line":12,"column":13},"end":{"line":12,"column":37}},"5":{"start":{"line":14,"column":14},"end":{"line":14,"column":39}},"6":{"start":{"line":16,"column":16},"end":{"line":16,"column":38}},"7":{"start":{"line":18,"column":17},"end":{"line":18,"column":50}},"8":{"start":{"line":20,"column":39},"end":{"line":20,"column":93}},"9":{"start":{"line":41,"column":14},"end":{"line":181,"column":2}},"10":{"start":{"line":182,"column":0},"end":{"line":280,"column":2}},"11":{"start":{"line":184,"column":4},"end":{"line":187,"column":6}},"12":{"start":{"line":193,"column":15},"end":{"line":193,"column":19}},"13":{"start":{"line":194,"column":4},"end":{"line":219,"column":7}},"14":{"start":{"line":225,"column":17},"end":{"line":225,"column":21}},"15":{"start":{"line":226,"column":6},"end":{"line":253,"column":9}},"16":{"start":{"line":230,"column":8},"end":{"line":230,"column":44}},"17":{"start":{"line":230,"column":27},"end":{"line":230,"column":44}},"18":{"start":{"line":233,"column":8},"end":{"line":233,"column":54}},"19":{"start":{"line":237,"column":8},"end":{"line":237,"column":168}},"20":{"start":{"line":249,"column":8},"end":{"line":249,"column":53}},"21":{"start":{"line":252,"column":8},"end":{"line":252,"column":31}},"22":{"start":{"line":257,"column":6},"end":{"line":276,"column":14}},"23":{"start":{"line":265,"column":19},"end":{"line":265,"column":26}},"24":{"start":{"line":266,"column":23},"end":{"line":266,"column":25}},"25":{"start":{"line":267,"column":8},"end":{"line":270,"column":9}},"26":{"start":{"line":268,"column":10},"end":{"line":268,"column":38}},"27":{"start":{"line":268,"column":32},"end":{"line":268,"column":38}},"28":{"start":{"line":269,"column":10},"end":{"line":269,"column":33}},"29":{"start":{"line":271,"column":8},"end":{"line":271,"column":53}},"30":{"start":{"line":282,"column":0},"end":{"line":282,"column":70}},"31":{"start":{"line":282,"column":31},"end":{"line":282,"column":70}},"32":{"start":{"line":283,"column":24},"end":{"line":283,"column":100}},"33":{"start":{"line":284,"column":0},"end":{"line":284,"column":566}},"34":{"start":{"line":284,"column":54},"end":{"line":284,"column":58}},"35":{"start":{"line":284,"column":66},"end":{"line":284,"column":84}},"36":{"start":{"line":284,"column":92},"end":{"line":284,"column":108}},"37":{"start":{"line":284,"column":109},"end":{"line":284,"column":565}},"38":{"start":{"line":284,"column":253},"end":{"line":284,"column":558}},"39":{"start":{"line":285,"column":0},"end":{"line":285,"column":37}}},"fnMap":{"0":{"name":"(anonymous_0)","decl":{"start":{"line":1,"column":2},"end":{"line":1,"column":3}},"loc":{"start":{"line":1,"column":12},"end":{"line":281,"column":1}},"line":1},"1":{"name":"_interopRequireDefault","decl":{"start":{"line":20,"column":9},"end":{"line":20,"column":31}},"loc":{"start":{"line":20,"column":37},"end":{"line":20,"column":95}},"line":20},"2":{"name":"data","decl":{"start":{"line":183,"column":17},"end":{"line":183,"column":21}},"loc":{"start":{"line":183,"column":24},"end":{"line":188,"column":3}},"line":183},"3":{"name":"mounted","decl":{"start":{"line":1
[...]
,"D:\\saiyao3\\mobile-vue\\src\\store\\detail\\mutations.js": {"path":"D:\\saiyao3\\mobile-vue\\src\\store\\detail\\mutations.js","statementMap":{"0":{"start":{"line":1,"column":13},"end":{"line":1,"column":75}},"1":{"start":{"line":1,"column":75},"end":{"line":15,"column":6}},"2":{"start":{"line":13,"column":69},"end":{"line":13,"column":78}},"3":{"start":{"line":14,"column":4},"end":{"line":14,"column":22}}},"fnMap":{"0":{"name":"getItemResponse","decl":{"start":{"line":13,"column":28},"end":{"line":13,"column":43}},"loc":{"start":{"line":13,"column":57},"end":{"line":15,"column":3}},"line":13}},"branchMap":{},"s":{"0":0,"1":0,"2":0,"3":0},"f":{"0":0},"b":{}}
,"D:\\saiyao3\\mobile-vue\\src\\store\\device\\actions.js": {"path":"D:\\saiyao3\\mobile-vue\\src\\store\\device\\actions.js","statementMap":{"0":{"start":{"line":1,"column":13},"end":{"line":1,"column":75}},"1":{"start":{"line":3,"column":11},"end":{"line":3,"column":33}},"2":{"start":{"line":3,"column":46},"end":{"line":3,"column":74}},"3":{"start":{"line":4,"column":13},"end":{"line":4,"column":37}},"4":{"start":{"line":5,"column":14},"end":{"line":5,"column":39}},"5":{"start":{"line":5,"column":78},"end":{"line":5,"column":132}},"6":{"start":{"line":7,"column":0},"end":{"line":27,"column":6}},"7":{"start":{"line":8,"column":57},"end":{"line":8,"column":68}},"8":{"start":{"line":8,"column":77},"end":{"line":8,"column":87}},"9":{"start":{"line":8,"column":97},"end":{"line":8,"column":105}},"10":{"start":{"line":9,"column":4},"end":{"line":9,"column":20}},"11":{"start":{"line":10,"column":19},"end":{"line":24,"column":5}},"12":{"start":{"line":11,"column":17},"end":{"line":11,"column":26}},"13":{"start":{"line":12,"column":6},"end":{"line":21,"column":9}},"14":{"start":{"line":13,"column":8},"end":{"line":17,"column":9}},"15":{"start":{"line":14,"column":10},"end":{"line":14,"column":33}},"16":{"start":{"line":16,"column":10},"end":{"line":16,"column":50}},"17":{"start":{"line":18,"column":8},"end":{"line":18,"column":82}},"18":{"start":{"line":19,"column":8},"end":{"line":19,"column":32}},"19":{"start":{"line":20,"column":8},"end":{"line":20,"column":21}},"20":{"start":{"line":23,"column":6},"end":{"line":23,"column":50}},"21":{"start":{"line":25,"column":19},"end":{"line":25,"column":83}},"22":{"start":{"line":26,"column":4},"end":{"line":26,"column":37}}},"fnMap":{"0":{"name":"_interopRequireDefault","decl":{"start":{"line":5,"column":49},"end":{"line":5,"column":71}},"loc":{"start":{"line":5,"column":77},"end":{"line":5,"column":133}},"line":5},"1":{"name":"getItems","decl":{"start":{"line":8,"column":21},"end":{"line":8,"column":29}},"loc":{"start":{"line":8,"column":43},"end":{"line":27,"column":3}},"line":8},"2":{"name":"response","decl":{"start":{"line":10,"column":28},"end":{"line":10,"column":36}},"loc":{"start":{"line":10,"column":42},"end":{"line":24,"column":5}},"line":10},"3":{"name":"(anonymous_3)","decl":{"start":{"line":12,"column":15},"end":{"line":12,"column":16}},"loc":{"start":{"line":12,"column":32},"end":{"line":21,"column":7}},"line":12}},"branchMap":{"0":{"loc":{"start":{"line":5,"column":85},"end":{"line":5,"column":131}},"type":"cond-expr","locations":[{"start":{"line":5,"column":109},"end":{"line":5,"column":112}},{"start":{"line":5,"column":115},"end":{"line":5,"column":131}}],"line":5},"1":{"loc":{"start":{"line":5,"column":85},"end":{"line":5,"column":106}},"type":"binary-expr","locations":[{"start":{"line":5,"column":85},"end":{"line":5,"column":88}},{"start":{"line":5,"column":92},"end":{"line":5,"column":106}}],"line":5},"2":{"loc":{"start":{"line":13,"column":8},"end":{"line":17,"column":9}},"type":"if","locations":[{"start":{"line":13,"column":8},"end":{"line":17,"column":9}},{"start":{"line":13,"column":8},"end":{"line":17,"column":9}}],"line":13},"3":{"loc":{"start":{"line":13,"column":12},"end":{"line":13,"column":68}},"type":"binary-expr","locations":[{"start":{"line":13,"column":12},"end":{"line":13,"column":38}},{"start":{"line":13,"column":42},"end":{"line":13,"column":68}}],"line":13}},"s":{"0":0,"1":0,"2":0,"3":0,"4":0,"5":0,"6":0,"7":0,"8":0,"9":0,"10":0,"11":0,"12":0,"13":0,"14":0,"15":0,"16":0,"17":0,"18":0,"19":0,"20":0,"21":0,"22":0},"f":{"0":0,"1":0,"2":0,"3":0},"b":{"0":[0,0],"1":[0,0],"2":[0,0],"3":[0,0]}}
,"D:\\saiyao3\\mobile-vue\\src\\store\\device\\mutations.js": {"path":"D:\\saiyao3\\mobile-vue\\src\\store\\device\\mutations.js","statementMap":{"0":{"start":{"line":1,"column":13},"end":{"line":1,"column":75}},"1":{"start":{"line":1,"column":75},"end":{"line":20,"column":6}},"2":{"start":{"line":7,"column":80},"end":{"line":7,"column":98}},"3":{"start":{"line":7,"column":109},"end":{"line":7,"column":121}},"4":{"start":{"line":8,"column":4},"end":{"line":10,"column":5}},"5":{"start":{"line":9,"column":6},"end":{"line":9,"column":42}},"6":{"start":{"line":11,"column":4},"end":{"line":13,"column":5}},"7":{"start":{"line":12,"column":6},"end":{"line":12,"column":30}},"8":{"start":{"line":15,"column":73},"end":{"line":15,"column":86}},"9":{"start":{"line":16,"column":4},"end":{"line":16,"column":28}},"10":{"start":{"line":18,"column":73},"end":{"line":18,"column":84}},"11":{"start":{"line":19,"column":4},"end":{"line":19,"column":24}}},"fnMap":{"0":{"name":"setCurrentDevice","decl":{"start":{"line":7,"column":29},"end":{"line":7,"column":45}},"loc":{"start":{"line":7,"column":59},"end":{"line":14,"column":3}},"line":7},"1":{"name":"setDevicesModal","decl":{"start":{"line":15,"column":28},"end":{"line":15,"column":43}},"loc":{"start":{"line":15,"column":58},"end":{"line":17,"column":3}},"line":15},"2":{"name":"getItemsResponse","decl":{"start":{"line":18,"column":29},"end":{"line":18,"column":45}},"loc":{"start":{"line":18,"column":60},"end":{"line":20,"column":3}},"line":18}},"branchMap":{"0":{"loc":{"start":{"line":8,"column":4},"end":{"line":10,"column":5}},"type":"if","locations":[{"start":{"line":8,"column":4},"end":{"line":10,"column":5}},{"start":{"line":8,"column":4},"end":{"line":10,"column":5}}],"line":8},"1":{"loc":{"start":{"line":11,"column":4},"end":{"line":13,"column":5}},"type":"if","locations":[{"start":{"line":11,"column":4},"end":{"line":13,"column":5}},{"start":{"line":11,"column":4},"end":{"line":13,"column":5}}],"line":11}},"s":{"0":0,"1":0,"2":0,"3":0,"4":0,"5":0,"6":0,"7":0,"8":0,"9":0,"10":0,"11":0},"f":{"0":0,"1":0,"2":0},"b":{"0":[0,0],"1":[0,0]}}
,"D:\\saiyao3\\mobile-vue\\src\\utils\\helper.js": {"path":"D:\\saiyao3\\mobile-vue\\src\\utils\\helper.js","statementMap":{"0":{"start":{"line":1,"column":13},"end":{"line":1,"column":75}},"1":{"start":{"line":1,"column":75},"end":{"line":14,"column":16}},"2":{"start":{"line":14,"column":16},"end":{"line":23,"column":22}},"3":{"start":{"line":23,"column":22},"end":{"line":64,"column":24}},"4":{"start":{"line":64,"column":24},"end":{"line":72,"column":36}},"5":{"start":{"line":72,"column":36},"end":{"line":83,"column":24}},"6":{"start":{"line":83,"column":24},"end":{"line":101,"column":24}},"7":{"start":{"line":101,"column":24},"end":{"line":111,"column":20}},"8":{"start":{"line":111,"column":20},"end":{"line":120,"column":24}},"9":{"start":{"line":120,"column":24},"end":{"line":128,"column":36}},"10":{"start":{"line":128,"column":36},"end":{"line":163,"column":28}},"11":{"start":{"line":163,"column":28},"end":{"line":181,"column":12}},"12":{"start":{"line":181,"column":12},"end":{"line":200,"column":36}},"13":{"start":{"line":210,"column":23},"end":{"line":210,"column":164}},"14":{"start":{"line":210,"column":129},"end":{"line":210,"column":163}},"15":{"start":{"line":210,"column":164},"end":{"line":210,"column":290}},"16":{"start":{"line":210,"column":208},"end":{"line":210,"column":227}},"17":{"start":{"line":210,"column":228},"end":{"line":210,"column":289}},"18":{"start":{"line":210,"column":290},"end":{"line":210,"column":329}},"19":{"start":{"line":211,"column":40},"end":{"line":211,"column":50}},"20":{"start":{"line":211,"column":61},"end":{"line":211,"column":77}},"21":{"start":{"line":211,"column":89},"end":{"line":211,"column":121}},"22":{"start":{"line":211,"column":122},"end":{"line":211,"column":173}},"23":{"start":{"line":211,"column":139},"end":{"line":211,"column":151}},"24":{"start":{"line":211,"column":159},"end":{"line":211,"column":172}},"25":{"start":{"line":238,"column":13},"end":{"line":238,"column":34}},"26":{"start":{"line":240,"column":2},"end":{"line":240,"column":44}},"27":{"start":{"line":241,"column":13},"end":{"line":241,"column":34}},"28":{"start":{"line":241,"column":35},"end":{"line":241,"column":62}},"29":{"start":{"line":245,"column":107},"end":{"line":245,"column":126}},"30":{"start":{"line":245,"column":138},"end":{"line":245,"column":157}},"31":{"start":{"line":245,"column":168},"end":{"line":245,"column":187}},"32":{"start":{"line":245,"column":188},"end":{"line":245,"column":207}},"33":{"start":{"line":245,"column":207},"end":{"line":245,"column":223}},"34":{"start":{"line":245,"column":223},"end":{"line":245,"column":237}},"35":{"start":{"line":245,"column":245},"end":{"line":245,"column":284}},"36":{"start":{"line":245,"column":297},"end":{"line":245,"column":330}},"37":{"start":{"line":245,"column":331},"end":{"line":245,"column":344}},"38":{"start":{"line":250,"column":386},"end":{"line":250,"column":399}},"39":{"start":{"line":250,"column":411},"end":{"line":250,"column":425}},"40":{"start":{"line":250,"column":436},"end":{"line":250,"column":450}},"41":{"start":{"line":250,"column":451},"end":{"line":250,"column":467}},"42":{"start":{"line":250,"column":467},"end":{"line":250,"column":481}},"43":{"start":{"line":250,"column":481},"end":{"line":250,"column":511}},"44":{"start":{"line":250,"column":538},"end":{"line":250,"column":577}},"45":{"start":{"line":250,"column":564},"end":{"line":250,"column":576}},"46":{"start":{"line":250,"column":577},"end":{"line":250,"column":621}},"47":{"start":{"line":252,"column":666},"end":{"line":252,"column":669}},"48":{"start":{"line":252,"column":670},"end":{"line":252,"column":700}},"49":{"start":{"line":254,"column":750},"end":{"line":254,"column":805}},"50":{"start":{"line":254,"column":806},"end":{"line":255,"column":3}},"51":{"start":{"line":257,"column":8},"end":{"line":264,"column":291}},"52":{"start":{"line":257,"column":56},"end":{"line":264,"column":3}},"53":{"start":{"line":264,"column":4},"end":{"line":264,"column":113}},"54":{"start":{"line":264,"column":27},"end":{"line":264,"column":112}},"55":{"start":{"line":264,"column":113},"end":{"line":264,"column":278}},"56":{"start":{"line":264,"column":131},"end":{"line":264,"column":277}},"57":{"start":{"line":264,"column":173},"end":{"line":264,"column":276}},"58":{"start":{"line":264,"column":278},"end":{"line":264,"column":289}},"59":{"start":{"line":266,"column":336},"end":{"line":266,"column":377}},"60":{"start":{"line":266,"column":378},"end":{"line":266,"column":396}},"61":{"start":{"line":266,"column":388},"end":{"line":266,"column":395}},"62":{"start":{"line":266,"column":406},"end":{"line":266,"column":435}},"63":{"start":{"line":266,"column":436},"end":{"line":266,"column":457}},"64":{"start":{"line":266,"column":457},"end":{"line":266,"column":483}},"65":{"start":{"line":266,"column":483},"end":{"line":266,"column":527}},"66":{"start":{"line":266,"column":527},"end":{"line":266,"column":587}},"67":{"start":{"line":266,"column":587},"end":{"line":266,"column":669}},"68":{"start":{"line":266,"column":611},"end":{"line":266,"column":660}},"69":{"start":{"line":266,"column":669},"end":{"line":266,"column":762}},"70":{"start":{"line":266,"column":693},"end":{"line":266,"column":753}},"71":{"start":{"line":266,"column":800},"end":{"line":266,"column":819}},"72":{"start":{"line":266,"column":833},"end":{"line":266,"column":900}},"73":{"start":{"line":266,"column":914},"end":{"line":266,"column":918}},"74":{"start":{"line":266,"column":919},"end":{"line":266,"column":1026}},"75":{"start":{"line":266,"column":960},"end":{"line":266,"column":1025}},"76":{"start":{"line":266,"column":1003},"end":{"line":266,"column":1018}},"77":{"start":{"line":266,"column":1018},"end":{"line":266,"column":1024}},"78":{"start":{"line":266,"column":1026},"end":{"line":266,"column":1040}},"79":{"start":{"line":268,"column":1099},"end":{"line":268,"column":1141}},"80":{"start":{"line":268,"column":1153},"end":{"line":268,"column":1200}},"81":{"start":{"line":268,"column":1201},"end":{"line":268,"column":1213}}},"fnMap":{"0":{"name":"inSize","decl":{"start":{"line":210,"column":9},"end":{"line":210,"column":15}},"loc":{"start":{"line":210,"column":22},"end":{"line":210,"column":330}},"line":210},"1":{"name":"validator","decl":{"start":{"line":211,"column":9},"end":{"line":211,"column":18}},"loc":{"start":{"line":211,"column":26},"end":{"line":211,"column":174}},"line":211},"2":{"name":"timeString","decl":{"start":{"line":237,"column":12},"end":{"line":237,"column":22}},"loc":{"start":{"line":237,"column":29},"end":{"line":240,"column":45}},"line":237},"3":{"name":"timeStringFormat","decl":{"start":{"line":240,"column":54},"end":{"line":240,"column":70}},"loc":{"start":{"line":240,"column":85},"end":{"line":241,"column":63}},"line":240},"4":{"name":"dateToTime","decl":{"start":{"line":245,"column":76},"end":{"line":245,"column":86}},"loc":{"start":{"line":245,"column":95},"end":{"line":245,"column":345}},"line":245},"5":{"name":"dateToText","decl":{"start":{"line":250,"column":358},"end":{"line":250,"column":368}},"loc":{"start":{"line":250,"column":377},"end":{"line":250,"column":512}},"line":250},"6":{"name":"getPrice","decl":{"start":{"line":250,"column":521},"end":{"line":250,"column":529}},"loc":{"start":{"line":250,"column":537},"end":{"line":250,"column":622}},"line":250},"7":{"name":"getReplUrl","decl":{"start":{"line":252,"column":635},"end":{"line":252,"column":645}},"loc":{"start":{"line":252,"column":655},"end":{"line":252,"column":701}},"line":252},"8":{"name":"initWeiXinConfig","decl":{"start":{"line":254,"column":714},"end":{"line":254,"column":730}},"loc":{"start":{"line":254,"column":733},"end":{"line":255,"column":4}},"line":254},"9":{"name":"(anonymous_9)","decl":{"start":{"line":257,"column":32},"end":{"line":257,"column":33}},"loc":{"start":{"line":257,"column":47},"end":{"line":264,"column":290}},"line":257},"10":{"name":"validatorTip","decl":{"start":{"line":266,"column":306},"end":{"line":266,"column":318}},"loc":{"start":{"line":266,"column":325},"end":{"line":266,"column":763}},"line":266},"11":{"name":"(anonymous_11)","decl":{"start":{"line":266,"column":598},"end":{"line":266,"column":599}},"loc":{"start":{"line":266,"column":610},"end":{"line":266,"column":661}},"line":266},"12":{"name":"(anonymous_12)","decl":{"start":{"line":266,"column":680},"end":{"line":266,"column":681}},"loc":{"start":{"line":266,"column":692},"end":{"line":266,"column":754}},"line":266},"13":{"name":"IsPC","decl":{"start":{"line":266,"column":772},"end":{"line":266,"column":776}},"loc":{"start":{"line":266,"column":779},"end":{"line":266,"column":1041}},"line":266},"14":{"name":"specifiedMachine","decl":{"start":{"line":268,"column":1056},"end":{"line":268,"column":1072}},"loc":{"start":{"line":268,"column":1075},"end":{"line":268,"column":1214}},"line":268}},"branchMap":{"0":{"loc":{"start":{"line":210,"column":164},"end":{"line":210,"column":290}},"type":"if","locations":[{"start":{"line":210,"column":164},"end":{"line":210,"column":290}},{"start":{"line":210,"column":164},"end":{"line":210,"column":290}}],"line":210},"1":{"loc":{"start":{"line":211,"column":122},"end":{"line":211,"column":173}},"type":"if","locations":[{"start":{"line":211,"column":122},"end":{"line":211,"column":173}},{"start":{"line":211,"column":122},"end":{"line":211,"column":173}}],"line":211},"2":{"loc":{"start":{"line":250,"column":538},"end":{"line":250,"column":577}},"type":"if","locations":[{"start":{"line":250,"column":538},"end":{"line":250,"column":577}},{"start":{"line":250,"column":538},"end":{"line":250,"column":577}}],"line":250},"3":{"loc":{"start":{"line":254,"column":750},"end":{"line":254,"column":805}},"type":"binary-expr","locations":[{"start":{"line":254,"column":750},"end":{"line":254,"column":769}},{"start":{"line":254,"column":773},"end":{"line":254,"column":789}},{"start":{"line":254,"column":793},"end":{"line":254,"column":805}}],"line":254},"4":{"loc":{"start":{"line":254,"column":806},"end":{"line":255,"column":3}},"type":"if","locations":[{"start":{"line":254,"column":806},"end":{"line":255,"column":3}},{"start":{"line":254,"column":806},"end":{"line":255,"column":3}}],"line":254},"5":{"loc":{"start":{"line":254,"column":810},"end":{"line":254,"column":876}},"type":"binary-expr","locations":[{"start":{"line":254,"column":810},"end":{"line":254,"column":843}},{"start":{"line":254,"column":847},"end":{"line":254,"column":876}}],"line":254},"6":{"loc":{"start":{"line":264,"column":4},"end":{"line":264,"column":113}},"type":"if","locations":[{"start":{"line":264,"column":4},"end":{"line":264,"column":113}},{"start":{"line":264,"column":4},"end":{"line":264,"column":113}}],"line":264},"7":{"loc":{"start":{"line":264,"column":131},"end":{"line":264,"column":277}},"type":"if","locations":[{"start":{"line":264,"column":131},"end":{"line":264,"column":277}},{"start":{"line":264,"column":131},"end":{"line":264,"column":277}}],"line":264},"8":{"loc":{"start":{"line":264,"column":202},"end":{"line":264,"column":274}},"type":"cond-expr","locations":[{"start":{"line":264,"column":227},"end":{"line":264,"column":231}},{"start":{"line":264,"column":234},"end":{"line":264,"column":274}}],"line":264},"9":{"loc":{"start":{"line":266,"column":378},"end":{"line":266,"column":396}},"type":"if","locations":[{"start":{"line":266,"column":378},"end":{"line":266,"column":396}},{"start":{"line":266,"column":378},"end":{"line":266,"column":396}}],"line":266},"10":{"loc":{"start":{"line":266,"column":960},"end":{"line":266,"column":1025}},"type":"if","locations":[{"start":{"line":266,"column":960},"end":{"line":266,"column":1025}},{"start":{"line":266,"column":960},"end":{"line":266,"column":1025}}],"line":266},"11":{"loc":{"start":{"line":268,"column":1153},"end":{"line":268,"column":1200}},"type":"binary-expr","locations":[{"start":{"line":268,"column":1153},"end":{"line":268,"column":1169}},{"start":{"line":268,"column":1173},"end":{"line":268,"column":1200}}],"line":268}},"s":{"0":0,"1":0,"2":0,"3":0,"4":0,"5":0,"6":0,"7":0,"8":0,"9":0,"10":0,"11":0,"12":0,"13":0,"14":0,"15":0,"16":0,"17":0,"18":0,"19":0,"20":0,"21":0,"22":0,"23":0,"24":0,"25":0,"26":0,"27":0,"28":0,"29":0,"30":0,"31":0,"32":0,"33":0,"34":0,"35":0,"36":0,"37":0,"38":0,"39":0,"40":0,"41":0,"42":0,"43":0,"44":0,"45":0,"46":0,"47":0,"48":0,"49":0,"50":0,"51":0,"52":0,"53":0,"54":0,"55":0,"56":0,"57":0,"58":0,"59":0,"60":0,"61":0,"62":0,"63":0,"64":0,"65":0,"66":0,"67":0,"68":0,"69":0,"70":0,"71":0,"72":0,"73":0,"74":0,"75":0,"76":0,"77":0,"78":0,"79":0,"80":0,"81":0},"f":{"0":0,"1":0,"2":0,"3":0,"4":0,"5":0,"6":0,"7":0,"8":0,"9":0,"10":0,"11":0,"12":0,"13":0,"14":0},"b":{"0":[0,0],"1":[0,0],"2":[0,0],"3":[0,0,0],"4":[0,0],"5":[0,0],"6":[0,0],"7":[0,0],"8":[0,0],"9":[0,0],"10":[0,0],"11":[0,0]}}
}
