TN:
SF:D:\saiyao3\mobile-vue\src\App.vue
FN:1,(anonymous_0)
FN:20,_interopRequireDefault
FN:24,data
FN:36,isLoading
FN:42,$route
FN:47,routeChange
FN:65,created
FN:68,mounted
FN:69,(anonymous_8)
FN:86,render
FN:86,(anonymous_10)
FNF:11
FNH:0
FNDA:0,(anonymous_0)
FNDA:0,_interopRequireDefault
FNDA:0,data
FNDA:0,isLoading
FNDA:0,$route
FNDA:0,routeChange
FNDA:0,created
FNDA:0,mounted
FNDA:0,(anonymous_8)
FNDA:0,render
FNDA:0,(anonymous_10)
DA:1,0
DA:4,0
DA:8,0
DA:10,0
DA:12,0
DA:14,0
DA:16,0
DA:18,0
DA:20,0
DA:22,0
DA:25,0
DA:37,0
DA:43,0
DA:48,0
DA:49,0
DA:50,0
DA:51,0
DA:52,0
DA:53,0
DA:54,0
DA:55,0
DA:56,0
DA:57,0
DA:58,0
DA:61,0
DA:66,0
DA:69,0
DA:70,0
DA:71,0
DA:84,0
DA:85,0
DA:86,0
DA:87,0
LF:33
LH:0
BRDA:20,0,0,0
BRDA:20,0,1,0
BRDA:20,1,0,0
BRDA:20,1,1,0
BRDA:49,2,0,0
BRDA:49,2,1,0
BRDA:49,3,0,0
BRDA:49,3,1,0
BRDA:49,3,2,0
BRDA:49,3,3,0
BRDA:49,3,4,0
BRDA:51,4,0,0
BRDA:51,4,1,0
BRDA:54,5,0,0
BRDA:54,5,1,0
BRDA:54,6,0,0
BRDA:54,6,1,0
BRDA:57,7,0,0
BRDA:57,7,1,0
BRDA:84,8,0,0
BRDA:84,8,1,0
BRDA:85,9,0,0
BRDA:85,9,1,0
BRDA:86,10,0,0
BRDA:86,10,1,0
BRF:25
BRH:0
end_of_record
TN:
SF:D:\saiyao3\mobile-vue\src\components\Cart.vue
FN:1,(anonymous_0)
FN:24,_interopRequireDefault
FN:71,data
FN:81,mounted
FN:85,(anonymous_4)
FN:93,selectAll
FN:97,(anonymous_6)
FN:107,handler
FN:111,(anonymous_8)
FN:122,editCart
FN:125,deleteProduct
FN:129,placeOrder
FN:131,(anonymous_12)
FN:143,(anonymous_13)
FN:158,render
FN:158,(anonymous_15)
FN:158,(anonymous_16)
FN:158,(anonymous_17)
FN:158,(anonymous_18)
FN:158,(anonymous_19)
FN:158,(anonymous_20)
FNF:21
FNH:0
FNDA:0,(anonymous_0)
FNDA:0,_interopRequireDefault
FNDA:0,data
FNDA:0,mounted
FNDA:0,(anonymous_4)
FNDA:0,selectAll
FNDA:0,(anonymous_6)
FNDA:0,handler
FNDA:0,(anonymous_8)
FNDA:0,editCart
FNDA:0,deleteProduct
FNDA:0,placeOrder
FNDA:0,(anonymous_12)
FNDA:0,(anonymous_13)
FNDA:0,render
FNDA:0,(anonymous_15)
FNDA:0,(anonymous_16)
FNDA:0,(anonymous_17)
FNDA:0,(anonymous_18)
FNDA:0,(anonymous_19)
FNDA:0,(anonymous_20)
DA:1,0
DA:4,0
DA:8,0
DA:10,0
DA:12,0
DA:14,0
DA:16,0
DA:18,0
DA:20,0
DA:22,0
DA:24,0
DA:64,0
DA:72,0
DA:83,0
DA:85,0
DA:86,0
DA:87,0
DA:89,0
DA:94,0
DA:96,0
DA:97,0
DA:98,0
DA:99,0
DA:100,0
DA:103,0
DA:108,0
DA:110,0
DA:111,0
DA:112,0
DA:113,0
DA:116,0
DA:123,0
DA:126,0
DA:127,0
DA:130,0
DA:131,0
DA:132,0
DA:133,0
DA:136,0
DA:137,0
DA:138,0
DA:140,0
DA:141,0
DA:142,0
DA:143,0
DA:144,0
DA:146,0
DA:147,0
DA:149,0
DA:150,0
DA:156,0
DA:157,0
DA:158,0
DA:159,0
LF:54
LH:0
BRDA:24,0,0,0
BRDA:24,0,1,0
BRDA:24,1,0,0
BRDA:24,1,1,0
BRDA:78,2,0,0
BRDA:78,2,1,0
BRDA:78,3,0,0
BRDA:78,3,1,0
BRDA:83,4,0,0
BRDA:83,4,1,0
BRDA:99,5,0,0
BRDA:99,5,1,0
BRDA:112,6,0,0
BRDA:112,6,1,0
BRDA:132,7,0,0
BRDA:132,7,1,0
BRDA:136,8,0,0
BRDA:136,8,1,0
BRDA:140,9,0,0
BRDA:140,9,1,0
BRDA:156,10,0,0
BRDA:156,10,1,0
BRDA:157,11,0,0
BRDA:157,11,1,0
BRDA:158,12,0,0
BRDA:158,12,1,0
BRDA:158,13,0,0
BRDA:158,13,1,0
BRDA:158,14,0,0
BRDA:158,14,1,0
BRDA:158,15,0,0
BRDA:158,15,1,0
BRDA:158,16,0,0
BRDA:158,16,1,0
BRDA:158,17,0,0
BRDA:158,17,1,0
BRF:36
BRH:0
end_of_record
TN:
SF:D:\saiyao3\mobile-vue\src\components\Devices.vue
FN:1,(anonymous_0)
FN:30,_interopRequireDefault
FN:36,data
FN:41,mounted
FN:46,getDevices
FN:55,responseWX
FN:78,response
FN:104,getDevice
FN:108,(anonymous_8)
FN:130,render
FNF:10
FNH:0
FNDA:0,(anonymous_0)
FNDA:0,_interopRequireDefault
FNDA:0,data
FNDA:0,mounted
FNDA:0,getDevices
FNDA:0,responseWX
FNDA:0,response
FNDA:0,getDevice
FNDA:0,(anonymous_8)
FNDA:0,render
DA:1,0
DA:4,0
DA:8,0
DA:10,0
DA:12,0
DA:14,0
DA:16,0
DA:18,0
DA:20,0
DA:22,0
DA:24,0
DA:26,0
DA:28,0
DA:30,0
DA:32,0
DA:37,0
DA:42,0
DA:47,0
DA:50,0
DA:51,0
DA:52,0
DA:53,0
DA:55,0
DA:56,0
DA:57,0
DA:76,0
DA:77,0
DA:78,0
DA:79,0
DA:80,0
DA:81,0
DA:85,0
DA:86,0
DA:101,0
DA:105,0
DA:106,0
DA:107,0
DA:108,0
DA:109,0
DA:110,0
DA:114,0
DA:115,0
DA:116,0
DA:117,0
DA:128,0
DA:129,0
DA:130,0
DA:131,0
LF:48
LH:0
BRDA:30,0,0,0
BRDA:30,0,1,0
BRDA:30,1,0,0
BRDA:30,1,1,0
BRDA:51,2,0,0
BRDA:51,2,1,0
BRDA:107,3,0,0
BRDA:107,3,1,0
BRDA:109,4,0,0
BRDA:109,4,1,0
BRDA:128,5,0,0
BRDA:128,5,1,0
BRDA:129,6,0,0
BRDA:129,6,1,0
BRDA:130,7,0,0
BRDA:130,7,1,0
BRF:16
BRH:0
end_of_record
TN:
SF:D:\saiyao3\mobile-vue\src\components\HelloWorld.vue
FN:26,data
FNF:1
FNH:1
FNDA:1,data
DA:27,1
LF:1
LH:1
BRF:0
BRH:0
end_of_record
TN:
SF:D:\saiyao3\mobile-vue\src\components\Index.vue
FN:1,(anonymous_0)
FN:46,_interopRequireDefault
FN:131,data
FN:152,mounted
FN:157,getPage
FN:168,response
FN:173,(anonymous_6)
FN:176,(anonymous_7)
FN:179,(anonymous_8)
FN:197,getCategories
FN:200,response
FN:206,getStoreProducts
FN:208,response
FN:210,(anonymous_13)
FN:228,getHistoryHot
FN:231,response
FN:233,(anonymous_16)
FN:248,getPreProduct
FN:250,response
FN:252,(anonymous_19)
FN:267,handleCate
FN:290,response
FN:292,(anonymous_22)
FN:308,handleTabClick
FN:340,toDetail
FN:345,onItemsClick
FN:363,render
FN:363,(anonymous_27)
FN:363,(anonymous_28)
FN:363,(anonymous_29)
FN:363,(anonymous_30)
FN:363,(anonymous_31)
FN:363,(anonymous_32)
FN:363,(anonymous_33)
FN:363,(anonymous_34)
FN:364,render
FN:364,render
FN:364,render
FNF:38
FNH:0
FNDA:0,(anonymous_0)
FNDA:0,_interopRequireDefault
FNDA:0,data
FNDA:0,mounted
FNDA:0,getPage
FNDA:0,response
FNDA:0,(anonymous_6)
FNDA:0,(anonymous_7)
FNDA:0,(anonymous_8)
FNDA:0,getCategories
FNDA:0,response
FNDA:0,getStoreProducts
FNDA:0,response
FNDA:0,(anonymous_13)
FNDA:0,getHistoryHot
FNDA:0,response
FNDA:0,(anonymous_16)
FNDA:0,getPreProduct
FNDA:0,response
FNDA:0,(anonymous_19)
FNDA:0,handleCate
FNDA:0,response
FNDA:0,(anonymous_22)
FNDA:0,handleTabClick
FNDA:0,toDetail
FNDA:0,onItemsClick
FNDA:0,render
FNDA:0,(anonymous_27)
FNDA:0,(anonymous_28)
FNDA:0,(anonymous_29)
FNDA:0,(anonymous_30)
FNDA:0,(anonymous_31)
FNDA:0,(anonymous_32)
FNDA:0,(anonymous_33)
FNDA:0,(anonymous_34)
FNDA:0,render
FNDA:0,render
FNDA:0,render
DA:1,0
DA:4,0
DA:8,0
DA:10,0
DA:12,0
DA:14,0
DA:16,0
DA:18,0
DA:20,0
DA:22,0
DA:24,0
DA:26,0
DA:28,0
DA:30,0
DA:32,0
DA:34,0
DA:36,0
DA:38,0
DA:40,0
DA:42,0
DA:44,0
DA:46,0
DA:119,0
DA:132,0
DA:153,0
DA:158,0
DA:160,0
DA:161,0
DA:162,0
DA:163,0
DA:164,0
DA:166,0
DA:167,0
DA:168,0
DA:169,0
DA:170,0
DA:171,0
DA:172,0
DA:173,0
DA:174,0
DA:176,0
DA:177,0
DA:179,0
DA:180,0
DA:183,0
DA:184,0
DA:185,0
DA:187,0
DA:188,0
DA:190,0
DA:191,0
DA:194,0
DA:195,0
DA:198,0
DA:200,0
DA:201,0
DA:203,0
DA:204,0
DA:207,0
DA:208,0
DA:209,0
DA:210,0
DA:211,0
DA:212,0
DA:214,0
DA:216,0
DA:217,0
DA:218,0
DA:220,0
DA:222,0
DA:224,0
DA:225,0
DA:226,0
DA:229,0
DA:231,0
DA:232,0
DA:233,0
DA:234,0
DA:235,0
DA:237,0
DA:239,0
DA:240,0
DA:241,0
DA:243,0
DA:245,0
DA:246,0
DA:249,0
DA:250,0
DA:251,0
DA:252,0
DA:253,0
DA:254,0
DA:256,0
DA:258,0
DA:259,0
DA:260,0
DA:262,0
DA:264,0
DA:265,0
DA:268,0
DA:269,0
DA:270,0
DA:271,0
DA:273,0
DA:274,0
DA:275,0
DA:278,0
DA:279,0
DA:281,0
DA:282,0
DA:284,0
DA:285,0
DA:286,0
DA:287,0
DA:290,0
DA:291,0
DA:292,0
DA:293,0
DA:294,0
DA:296,0
DA:298,0
DA:299,0
DA:300,0
DA:302,0
DA:305,0
DA:306,0
DA:309,0
DA:310,0
DA:311,0
DA:313,0
DA:314,0
DA:315,0
DA:320,0
DA:321,0
DA:323,0
DA:325,0
DA:326,0
DA:327,0
DA:330,0
DA:334,0
DA:335,0
DA:341,0
DA:342,0
DA:346,0
DA:347,0
DA:348,0
DA:352,0
DA:355,0
DA:356,0
DA:361,0
DA:362,0
DA:363,0
DA:364,0
LF:153
LH:0
BRDA:46,0,0,0
BRDA:46,0,1,0
BRDA:46,1,0,0
BRDA:46,1,1,0
BRDA:162,2,0,0
BRDA:162,2,1,0
BRDA:170,3,0,0
BRDA:170,3,1,0
BRDA:170,3,2,0
BRDA:171,4,0,0
BRDA:171,4,1,0
BRDA:183,5,0,0
BRDA:183,5,1,0
BRDA:187,6,0,0
BRDA:187,6,1,0
BRDA:190,7,0,0
BRDA:190,7,1,0
BRDA:211,8,0,0
BRDA:211,8,1,0
BRDA:211,9,0,0
BRDA:211,9,1,0
BRDA:234,10,0,0
BRDA:234,10,1,0
BRDA:234,11,0,0
BRDA:234,11,1,0
BRDA:253,12,0,0
BRDA:253,12,1,0
BRDA:253,13,0,0
BRDA:253,13,1,0
BRDA:278,14,0,0
BRDA:278,14,1,0
BRDA:281,15,0,0
BRDA:281,15,1,0
BRDA:284,16,0,0
BRDA:284,16,1,0
BRDA:286,17,0,0
BRDA:286,17,1,0
BRDA:293,18,0,0
BRDA:293,18,1,0
BRDA:293,19,0,0
BRDA:293,19,1,0
BRDA:314,20,0,0
BRDA:314,20,1,0
BRDA:320,21,0,0
BRDA:320,21,1,0
BRDA:347,22,0,0
BRDA:347,22,1,0
BRDA:347,23,0,0
BRDA:347,23,1,0
BRDA:361,24,0,0
BRDA:361,24,1,0
BRDA:362,25,0,0
BRDA:362,25,1,0
BRDA:363,26,0,0
BRDA:363,26,1,0
BRDA:363,27,0,0
BRDA:363,27,1,0
BRDA:363,28,0,0
BRDA:363,28,1,0
BRDA:363,29,0,0
BRDA:363,29,1,0
BRDA:363,30,0,0
BRDA:363,30,1,0
BRDA:363,31,0,0
BRDA:363,31,1,0
BRDA:363,32,0,0
BRDA:363,32,1,0
BRDA:363,33,0,0
BRDA:363,33,1,0
BRDA:363,34,0,0
BRDA:363,34,1,0
BRDA:363,35,0,0
BRDA:363,35,1,0
BRDA:363,36,0,0
BRDA:363,36,1,0
BRDA:363,37,0,0
BRDA:363,37,1,0
BRDA:363,38,0,0
BRDA:363,38,1,0
BRDA:363,39,0,0
BRDA:363,39,1,0
BRDA:363,40,0,0
BRDA:363,40,1,0
BRDA:364,41,0,0
BRDA:364,41,1,0
BRDA:364,42,0,0
BRDA:364,42,1,0
BRDA:364,43,0,0
BRDA:364,43,1,0
BRF:89
BRH:0
end_of_record
TN:
SF:D:\saiyao3\mobile-vue\src\components\List.vue
FN:1,(anonymous_0)
FN:28,_interopRequireDefault
FN:37,data
FN:43,mounted
FN:48,currentDevice
FN:51,devices
FN:54,products
FN:59,getItems
FN:68,onDevicesClick
FN:73,getDevice
FN:77,(anonymous_10)
FN:89,onItemsClick
FN:121,render
FNF:13
FNH:0
FNDA:0,(anonymous_0)
FNDA:0,_interopRequireDefault
FNDA:0,data
FNDA:0,mounted
FNDA:0,currentDevice
FNDA:0,devices
FNDA:0,products
FNDA:0,getItems
FNDA:0,onDevicesClick
FNDA:0,getDevice
FNDA:0,(anonymous_10)
FNDA:0,onItemsClick
FNDA:0,render
DA:1,0
DA:4,0
DA:8,0
DA:10,0
DA:12,0
DA:14,0
DA:16,0
DA:18,0
DA:20,0
DA:22,0
DA:24,0
DA:26,0
DA:28,0
DA:31,0
DA:38,0
DA:44,0
DA:49,0
DA:52,0
DA:55,0
DA:60,0
DA:61,0
DA:62,0
DA:63,0
DA:65,0
DA:66,0
DA:69,0
DA:70,0
DA:71,0
DA:74,0
DA:75,0
DA:76,0
DA:77,0
DA:78,0
DA:79,0
DA:84,0
DA:85,0
DA:86,0
DA:90,0
DA:91,0
DA:92,0
DA:96,0
DA:99,0
DA:100,0
DA:119,0
DA:120,0
DA:121,0
DA:122,0
LF:47
LH:0
BRDA:28,0,0,0
BRDA:28,0,1,0
BRDA:28,1,0,0
BRDA:28,1,1,0
BRDA:61,2,0,0
BRDA:61,2,1,0
BRDA:76,3,0,0
BRDA:76,3,1,0
BRDA:78,4,0,0
BRDA:78,4,1,0
BRDA:91,5,0,0
BRDA:91,5,1,0
BRDA:91,6,0,0
BRDA:91,6,1,0
BRDA:119,7,0,0
BRDA:119,7,1,0
BRDA:120,8,0,0
BRDA:120,8,1,0
BRDA:121,9,0,0
BRDA:121,9,1,0
BRF:20
BRH:0
end_of_record
TN:
SF:D:\saiyao3\mobile-vue\src\components\NotFound.vue
FN:1,(anonymous_0)
FN:15,data
FN:20,goBack
FN:34,render
FN:34,(anonymous_4)
FN:35,render
FNF:6
FNH:0
FNDA:0,(anonymous_0)
FNDA:0,data
FNDA:0,goBack
FNDA:0,render
FNDA:0,(anonymous_4)
FNDA:0,render
DA:1,0
DA:4,0
DA:8,0
DA:10,0
DA:16,0
DA:21,0
DA:32,0
DA:33,0
DA:34,0
DA:35,0
LF:10
LH:0
BRDA:32,0,0,0
BRDA:32,0,1,0
BRDA:33,1,0,0
BRDA:33,1,1,0
BRDA:34,2,0,0
BRDA:34,2,1,0
BRDA:35,3,0,0
BRDA:35,3,1,0
BRF:8
BRH:0
end_of_record
TN:
SF:D:\saiyao3\mobile-vue\src\components\Order---.vue
FN:1,(anonymous_0)
FN:20,_interopRequireDefault
FN:183,data
FN:190,mounted
FN:223,upCallback
FN:226,(anonymous_5)
FN:250,(anonymous_6)
FN:255,getListDataFromNet
FN:257,(anonymous_8)
FN:284,render
FN:284,(anonymous_10)
FNF:11
FNH:0
FNDA:0,(anonymous_0)
FNDA:0,_interopRequireDefault
FNDA:0,data
FNDA:0,mounted
FNDA:0,upCallback
FNDA:0,(anonymous_5)
FNDA:0,(anonymous_6)
FNDA:0,getListDataFromNet
FNDA:0,(anonymous_8)
FNDA:0,render
FNDA:0,(anonymous_10)
DA:1,0
DA:4,0
DA:8,0
DA:10,0
DA:12,0
DA:14,0
DA:16,0
DA:18,0
DA:20,0
DA:41,0
DA:182,0
DA:184,0
DA:193,0
DA:194,0
DA:225,0
DA:226,0
DA:230,0
DA:233,0
DA:237,0
DA:249,0
DA:252,0
DA:257,0
DA:265,0
DA:266,0
DA:267,0
DA:268,0
DA:269,0
DA:271,0
DA:282,0
DA:283,0
DA:284,0
DA:285,0
LF:32
LH:0
BRDA:20,0,0,0
BRDA:20,0,1,0
BRDA:20,1,0,0
BRDA:20,1,1,0
BRDA:230,2,0,0
BRDA:230,2,1,0
BRDA:268,3,0,0
BRDA:268,3,1,0
BRDA:271,4,0,0
BRDA:271,4,1,0
BRDA:282,5,0,0
BRDA:282,5,1,0
BRDA:283,6,0,0
BRDA:283,6,1,0
BRDA:284,7,0,0
BRDA:284,7,1,0
BRF:16
BRH:0
end_of_record
TN:
SF:D:\saiyao3\mobile-vue\src\components\Order--.vue
FN:1,(anonymous_0)
FN:24,_interopRequireDefault
FN:78,data
FN:90,mounted
FN:108,btnClick
FN:119,getOrder
FN:120,switchTabItem
FN:125,upCallback
FN:135,response
FN:138,(anonymous_9)
FN:145,(anonymous_10)
FN:189,render
FN:189,(anonymous_12)
FN:189,(anonymous_13)
FN:189,(anonymous_14)
FN:189,(anonymous_15)
FN:189,(anonymous_16)
FNF:17
FNH:0
FNDA:0,(anonymous_0)
FNDA:0,_interopRequireDefault
FNDA:0,data
FNDA:0,mounted
FNDA:0,btnClick
FNDA:0,getOrder
FNDA:0,switchTabItem
FNDA:0,upCallback
FNDA:0,response
FNDA:0,(anonymous_9)
FNDA:0,(anonymous_10)
FNDA:0,render
FNDA:0,(anonymous_12)
FNDA:0,(anonymous_13)
FNDA:0,(anonymous_14)
FNDA:0,(anonymous_15)
FNDA:0,(anonymous_16)
DA:1,0
DA:4,0
DA:8,0
DA:10,0
DA:12,0
DA:14,0
DA:16,0
DA:18,0
DA:20,0
DA:22,0
DA:24,0
DA:66,0
DA:79,0
DA:91,0
DA:92,0
DA:109,0
DA:121,0
DA:122,0
DA:123,0
DA:126,0
DA:128,0
DA:129,0
DA:130,0
DA:131,0
DA:132,0
DA:133,0
DA:135,0
DA:136,0
DA:138,0
DA:139,0
DA:140,0
DA:141,0
DA:142,0
DA:144,0
DA:145,0
DA:146,0
DA:147,0
DA:148,0
DA:149,0
DA:153,0
DA:156,0
DA:157,0
DA:158,0
DA:160,0
DA:161,0
DA:162,0
DA:165,0
DA:166,0
DA:169,0
DA:170,0
DA:172,0
DA:173,0
DA:174,0
DA:175,0
DA:177,0
DA:178,0
DA:180,0
DA:181,0
DA:182,0
DA:187,0
DA:188,0
DA:189,0
DA:190,0
LF:63
LH:0
BRDA:24,0,0,0
BRDA:24,0,1,0
BRDA:24,1,0,0
BRDA:24,1,1,0
BRDA:141,2,0,0
BRDA:141,2,1,0
BRDA:147,3,0,0
BRDA:147,3,1,0
BRDA:148,4,0,0
BRDA:148,4,1,0
BRDA:148,5,0,0
BRDA:148,5,1,0
BRDA:157,6,0,0
BRDA:157,6,1,0
BRDA:165,7,0,0
BRDA:165,7,1,0
BRDA:173,8,0,0
BRDA:173,8,1,0
BRDA:173,9,0,0
BRDA:173,9,1,0
BRDA:177,10,0,0
BRDA:177,10,1,0
BRDA:187,11,0,0
BRDA:187,11,1,0
BRDA:188,12,0,0
BRDA:188,12,1,0
BRDA:189,13,0,0
BRDA:189,13,1,0
BRDA:189,14,0,0
BRDA:189,14,1,0
BRDA:189,15,0,0
BRDA:189,15,1,0
BRDA:189,16,0,0
BRDA:189,16,1,0
BRDA:189,17,0,0
BRDA:189,17,1,0
BRDA:189,18,0,0
BRDA:189,18,1,0
BRDA:189,19,0,0
BRDA:189,19,1,0
BRDA:189,20,0,0
BRDA:189,20,1,0
BRDA:189,21,0,0
BRDA:189,21,1,0
BRDA:189,22,0,0
BRDA:189,22,1,0
BRDA:189,23,0,0
BRDA:189,23,1,0
BRDA:189,24,0,0
BRDA:189,24,1,0
BRDA:189,25,0,0
BRDA:189,25,1,0
BRF:52
BRH:0
end_of_record
TN:
SF:D:\saiyao3\mobile-vue\src\components\Order-.vue
FN:1,(anonymous_0)
FN:22,_interopRequireDefault
FN:85,data
FN:103,created
FN:109,getOrder
FN:117,response
FN:124,(anonymous_6)
FN:129,(anonymous_7)
FN:136,(anonymous_8)
FN:165,switchTabItem
FN:170,loadMore
FN:184,refresh
FN:187,(anonymous_12)
FN:189,(anonymous_13)
FN:190,(anonymous_14)
FN:197,changePullupStatus
FN:206,loadMore1
FN:209,(anonymous_17)
FN:211,(anonymous_18)
FN:225,render
FN:225,(anonymous_20)
FN:225,(anonymous_21)
FN:225,(anonymous_22)
FN:225,(anonymous_23)
FN:225,(anonymous_24)
FN:225,(anonymous_25)
FN:225,(anonymous_26)
FN:225,(anonymous_27)
FNF:28
FNH:0
FNDA:0,(anonymous_0)
FNDA:0,_interopRequireDefault
FNDA:0,data
FNDA:0,created
FNDA:0,getOrder
FNDA:0,response
FNDA:0,(anonymous_6)
FNDA:0,(anonymous_7)
FNDA:0,(anonymous_8)
FNDA:0,switchTabItem
FNDA:0,loadMore
FNDA:0,refresh
FNDA:0,(anonymous_12)
FNDA:0,(anonymous_13)
FNDA:0,(anonymous_14)
FNDA:0,changePullupStatus
FNDA:0,loadMore1
FNDA:0,(anonymous_17)
FNDA:0,(anonymous_18)
FNDA:0,render
FNDA:0,(anonymous_20)
FNDA:0,(anonymous_21)
FNDA:0,(anonymous_22)
FNDA:0,(anonymous_23)
FNDA:0,(anonymous_24)
FNDA:0,(anonymous_25)
FNDA:0,(anonymous_26)
FNDA:0,(anonymous_27)
DA:1,0
DA:4,0
DA:8,0
DA:10,0
DA:12,0
DA:14,0
DA:16,0
DA:18,0
DA:20,0
DA:22,0
DA:73,0
DA:86,0
DA:104,0
DA:105,0
DA:110,0
DA:111,0
DA:112,0
DA:113,0
DA:114,0
DA:116,0
DA:117,0
DA:118,0
DA:119,0
DA:121,0
DA:122,0
DA:124,0
DA:125,0
DA:129,0
DA:130,0
DA:131,0
DA:132,0
DA:133,0
DA:135,0
DA:136,0
DA:137,0
DA:138,0
DA:139,0
DA:140,0
DA:144,0
DA:147,0
DA:148,0
DA:149,0
DA:150,0
DA:151,0
DA:153,0
DA:154,0
DA:155,0
DA:156,0
DA:158,0
DA:159,0
DA:161,0
DA:162,0
DA:163,0
DA:166,0
DA:167,0
DA:168,0
DA:171,0
DA:172,0
DA:173,0
DA:174,0
DA:185,0
DA:187,0
DA:188,0
DA:189,0
DA:190,0
DA:191,0
DA:192,0
DA:198,0
DA:199,0
DA:200,0
DA:202,0
DA:203,0
DA:207,0
DA:209,0
DA:210,0
DA:211,0
DA:212,0
DA:213,0
DA:214,0
DA:215,0
DA:223,0
DA:224,0
DA:225,0
DA:226,0
LF:84
LH:0
BRDA:22,0,0,0
BRDA:22,0,1,0
BRDA:22,1,0,0
BRDA:22,1,1,0
BRDA:132,2,0,0
BRDA:132,2,1,0
BRDA:138,3,0,0
BRDA:138,3,1,0
BRDA:139,4,0,0
BRDA:139,4,1,0
BRDA:139,5,0,0
BRDA:139,5,1,0
BRDA:148,6,0,0
BRDA:148,6,1,0
BRDA:154,7,0,0
BRDA:154,7,1,0
BRDA:154,8,0,0
BRDA:154,8,1,0
BRDA:158,9,0,0
BRDA:158,9,1,0
BRDA:171,10,0,0
BRDA:171,10,1,0
BRDA:171,11,0,0
BRDA:171,11,1,0
BRDA:192,12,0,0
BRDA:192,12,1,0
BRDA:198,13,0,0
BRDA:198,13,1,0
BRDA:213,14,0,0
BRDA:213,14,1,0
BRDA:223,15,0,0
BRDA:223,15,1,0
BRDA:224,16,0,0
BRDA:224,16,1,0
BRDA:225,17,0,0
BRDA:225,17,1,0
BRDA:225,18,0,0
BRDA:225,18,1,0
BRDA:225,19,0,0
BRDA:225,19,1,0
BRDA:225,20,0,0
BRDA:225,20,1,0
BRDA:225,21,0,0
BRDA:225,21,1,0
BRDA:225,22,0,0
BRDA:225,22,1,0
BRDA:225,23,0,0
BRDA:225,23,1,0
BRDA:225,24,0,0
BRDA:225,24,1,0
BRDA:225,25,0,0
BRDA:225,25,1,0
BRDA:225,26,0,0
BRDA:225,26,1,0
BRDA:225,27,0,0
BRDA:225,27,1,0
BRDA:225,28,0,0
BRDA:225,28,1,0
BRDA:225,29,0,0
BRDA:225,29,1,0
BRDA:225,30,0,0
BRDA:225,30,1,0
BRF:62
BRH:0
end_of_record
TN:
SF:D:\saiyao3\mobile-vue\src\components\Order.vue
FN:1,(anonymous_0)
FN:22,_interopRequireDefault
FN:36,data
FN:51,mounted
FN:67,btnClick
FN:76,switchTabItem
FN:86,upCallback
FN:90,response
FN:92,(anonymous_8)
FN:99,(anonymous_9)
FN:128,delOrder
FN:132,onDelete
FN:135,response
FN:140,(anonymous_13)
FN:149,payOrder
FN:156,response
FN:163,qrCode
FN:168,response
FN:237,render
FN:237,(anonymous_19)
FN:237,(anonymous_20)
FN:237,(anonymous_21)
FN:237,(anonymous_22)
FN:237,(anonymous_23)
FN:237,(anonymous_24)
FN:237,(anonymous_25)
FN:237,(anonymous_26)
FN:237,(anonymous_27)
FN:237,(anonymous_28)
FNF:29
FNH:0
FNDA:0,(anonymous_0)
FNDA:0,_interopRequireDefault
FNDA:0,data
FNDA:0,mounted
FNDA:0,btnClick
FNDA:0,switchTabItem
FNDA:0,upCallback
FNDA:0,response
FNDA:0,(anonymous_8)
FNDA:0,(anonymous_9)
FNDA:0,delOrder
FNDA:0,onDelete
FNDA:0,response
FNDA:0,(anonymous_13)
FNDA:0,payOrder
FNDA:0,response
FNDA:0,qrCode
FNDA:0,response
FNDA:0,render
FNDA:0,(anonymous_19)
FNDA:0,(anonymous_20)
FNDA:0,(anonymous_21)
FNDA:0,(anonymous_22)
FNDA:0,(anonymous_23)
FNDA:0,(anonymous_24)
FNDA:0,(anonymous_25)
FNDA:0,(anonymous_26)
FNDA:0,(anonymous_27)
FNDA:0,(anonymous_28)
DA:1,0
DA:4,0
DA:8,0
DA:10,0
DA:12,0
DA:14,0
DA:16,0
DA:18,0
DA:20,0
DA:22,0
DA:24,0
DA:37,0
DA:52,0
DA:53,0
DA:68,0
DA:77,0
DA:78,0
DA:79,0
DA:80,0
DA:81,0
DA:82,0
DA:84,0
DA:87,0
DA:88,0
DA:89,0
DA:90,0
DA:91,0
DA:92,0
DA:93,0
DA:94,0
DA:95,0
DA:96,0
DA:98,0
DA:99,0
DA:100,0
DA:101,0
DA:102,0
DA:103,0
DA:107,0
DA:110,0
DA:111,0
DA:112,0
DA:115,0
DA:116,0
DA:118,0
DA:119,0
DA:121,0
DA:122,0
DA:124,0
DA:125,0
DA:126,0
DA:129,0
DA:130,0
DA:133,0
DA:135,0
DA:136,0
DA:139,0
DA:140,0
DA:141,0
DA:142,0
DA:146,0
DA:147,0
DA:150,0
DA:152,0
DA:153,0
DA:156,0
DA:157,0
DA:158,0
DA:160,0
DA:161,0
DA:164,0
DA:166,0
DA:167,0
DA:168,0
DA:169,0
DA:170,0
DA:172,0
DA:173,0
DA:235,0
DA:236,0
DA:237,0
DA:238,0
LF:82
LH:0
BRDA:22,0,0,0
BRDA:22,0,1,0
BRDA:22,1,0,0
BRDA:22,1,1,0
BRDA:95,2,0,0
BRDA:95,2,1,0
BRDA:101,3,0,0
BRDA:101,3,1,0
BRDA:102,4,0,0
BRDA:102,4,1,0
BRDA:102,5,0,0
BRDA:102,5,1,0
BRDA:111,6,0,0
BRDA:111,6,1,0
BRDA:121,7,0,0
BRDA:121,7,1,0
BRDA:121,8,0,0
BRDA:121,8,1,0
BRDA:141,9,0,0
BRDA:141,9,1,0
BRDA:235,10,0,0
BRDA:235,10,1,0
BRDA:236,11,0,0
BRDA:236,11,1,0
BRDA:237,12,0,0
BRDA:237,12,1,0
BRDA:237,13,0,0
BRDA:237,13,1,0
BRDA:237,14,0,0
BRDA:237,14,1,0
BRDA:237,15,0,0
BRDA:237,15,1,0
BRDA:237,16,0,0
BRDA:237,16,1,0
BRDA:237,17,0,0
BRDA:237,17,1,0
BRDA:237,18,0,0
BRDA:237,18,1,0
BRDA:237,19,0,0
BRDA:237,19,1,0
BRDA:237,20,0,0
BRDA:237,20,1,0
BRDA:237,21,0,0
BRDA:237,21,1,0
BRDA:237,22,0,0
BRDA:237,22,1,0
BRDA:237,23,0,0
BRDA:237,23,1,0
BRDA:237,24,0,0
BRDA:237,24,1,0
BRF:50
BRH:0
end_of_record
TN:
SF:D:\saiyao3\mobile-vue\src\components\Product.vue
FN:1,(anonymous_0)
FN:18,_interopRequireDefault
FN:28,data
FN:34,mounted
FN:39,getProduct
FN:60,response
FN:69,getMarketingDetail
FN:70,response
FN:81,render
FNF:9
FNH:0
FNDA:0,(anonymous_0)
FNDA:0,_interopRequireDefault
FNDA:0,data
FNDA:0,mounted
FNDA:0,getProduct
FNDA:0,response
FNDA:0,getMarketingDetail
FNDA:0,response
FNDA:0,render
DA:1,0
DA:4,0
DA:8,0
DA:10,0
DA:12,0
DA:14,0
DA:16,0
DA:18,0
DA:27,0
DA:29,0
DA:35,0
DA:40,0
DA:42,0
DA:43,0
DA:44,0
DA:45,0
DA:46,0
DA:47,0
DA:48,0
DA:49,0
DA:50,0
DA:51,0
DA:52,0
DA:53,0
DA:54,0
DA:55,0
DA:57,0
DA:60,0
DA:61,0
DA:62,0
DA:63,0
DA:66,0
DA:67,0
DA:70,0
DA:71,0
DA:73,0
DA:74,0
DA:79,0
DA:80,0
DA:81,0
DA:82,0
LF:41
LH:0
BRDA:18,0,0,0
BRDA:18,0,1,0
BRDA:18,1,0,0
BRDA:18,1,1,0
BRDA:50,2,0,0
BRDA:50,2,1,0
BRDA:51,3,0,0
BRDA:51,3,1,0
BRDA:51,4,0,0
BRDA:51,4,1,0
BRDA:54,5,0,0
BRDA:54,5,1,0
BRDA:61,6,0,0
BRDA:61,6,1,0
BRDA:61,7,0,0
BRDA:61,7,1,0
BRDA:62,8,0,0
BRDA:62,8,1,0
BRDA:62,9,0,0
BRDA:62,9,1,0
BRDA:79,10,0,0
BRDA:79,10,1,0
BRDA:80,11,0,0
BRDA:80,11,1,0
BRDA:81,12,0,0
BRDA:81,12,1,0
BRF:26
BRH:0
end_of_record
TN:
SF:D:\saiyao3\mobile-vue\src\components\User.vue
FN:1,(anonymous_0)
FN:18,_interopRequireDefault
FN:75,data
FN:94,mounted
FN:100,getUser
FN:103,response
FN:109,getOrder
FN:110,response
FN:121,render
FN:121,(anonymous_9)
FN:122,render
FNF:11
FNH:0
FNDA:0,(anonymous_0)
FNDA:0,_interopRequireDefault
FNDA:0,data
FNDA:0,mounted
FNDA:0,getUser
FNDA:0,response
FNDA:0,getOrder
FNDA:0,response
FNDA:0,render
FNDA:0,(anonymous_9)
FNDA:0,render
DA:1,0
DA:4,0
DA:8,0
DA:10,0
DA:12,0
DA:14,0
DA:16,0
DA:18,0
DA:68,0
DA:76,0
DA:95,0
DA:96,0
DA:101,0
DA:103,0
DA:104,0
DA:106,0
DA:107,0
DA:110,0
DA:111,0
DA:113,0
DA:114,0
DA:119,0
DA:120,0
DA:121,0
DA:122,0
LF:25
LH:0
BRDA:18,0,0,0
BRDA:18,0,1,0
BRDA:18,1,0,0
BRDA:18,1,1,0
BRDA:119,2,0,0
BRDA:119,2,1,0
BRDA:120,3,0,0
BRDA:120,3,1,0
BRDA:121,4,0,0
BRDA:121,4,1,0
BRDA:122,5,0,0
BRDA:122,5,1,0
BRF:12
BRH:0
end_of_record
TN:
SF:D:\saiyao3\mobile-vue\src\components\addCart.vue
FN:1,(anonymous_0)
FN:20,_interopRequireDefault
FN:54,cart
FN:62,data
FN:68,changeNum
FN:71,onCartItemsClick
FN:100,(anonymous_6)
FN:130,render
FN:130,(anonymous_8)
FN:130,(anonymous_9)
FN:130,(anonymous_10)
FNF:11
FNH:0
FNDA:0,(anonymous_0)
FNDA:0,_interopRequireDefault
FNDA:0,cart
FNDA:0,data
FNDA:0,changeNum
FNDA:0,onCartItemsClick
FNDA:0,(anonymous_6)
FNDA:0,render
FNDA:0,(anonymous_8)
FNDA:0,(anonymous_9)
FNDA:0,(anonymous_10)
DA:1,0
DA:4,0
DA:8,0
DA:10,0
DA:12,0
DA:14,0
DA:16,0
DA:18,0
DA:20,0
DA:46,0
DA:55,0
DA:63,0
DA:69,0
DA:72,0
DA:73,0
DA:74,0
DA:75,0
DA:76,0
DA:77,0
DA:79,0
DA:80,0
DA:81,0
DA:82,0
DA:83,0
DA:84,0
DA:85,0
DA:86,0
DA:87,0
DA:88,0
DA:90,0
DA:92,0
DA:94,0
DA:95,0
DA:96,0
DA:97,0
DA:98,0
DA:99,0
DA:100,0
DA:101,0
DA:102,0
DA:103,0
DA:106,0
DA:107,0
DA:109,0
DA:111,0
DA:113,0
DA:114,0
DA:115,0
DA:116,0
DA:117,0
DA:118,0
DA:123,0
DA:128,0
DA:129,0
DA:130,0
DA:131,0
LF:56
LH:0
BRDA:20,0,0,0
BRDA:20,0,1,0
BRDA:20,1,0,0
BRDA:20,1,1,0
BRDA:81,2,0,0
BRDA:81,2,1,0
BRDA:83,3,0,0
BRDA:83,3,1,0
BRDA:87,4,0,0
BRDA:87,4,1,0
BRDA:94,5,0,0
BRDA:94,5,1,0
BRDA:97,6,0,0
BRDA:97,6,1,0
BRDA:101,7,0,0
BRDA:101,7,1,0
BRDA:106,8,0,0
BRDA:106,8,1,0
BRDA:128,9,0,0
BRDA:128,9,1,0
BRDA:129,10,0,0
BRDA:129,10,1,0
BRDA:130,11,0,0
BRDA:130,11,1,0
BRF:24
BRH:0
end_of_record
TN:
SF:D:\saiyao3\mobile-vue\src\components\banner.js
FNF:0
FNH:0
LF:0
LH:0
BRF:0
BRH:0
end_of_record
TN:
SF:D:\saiyao3\mobile-vue\src\components\banner.vue
FN:1,(anonymous_0)
FN:16,data
FN:23,mounted
FN:51,render
FN:51,(anonymous_4)
FN:51,(anonymous_5)
FNF:6
FNH:0
FNDA:0,(anonymous_0)
FNDA:0,data
FNDA:0,mounted
FNDA:0,render
FNDA:0,(anonymous_4)
FNDA:0,(anonymous_5)
DA:1,0
DA:4,0
DA:8,0
DA:10,0
DA:17,0
DA:49,0
DA:50,0
DA:51,0
DA:52,0
LF:9
LH:0
BRDA:49,0,0,0
BRDA:49,0,1,0
BRDA:50,1,0,0
BRDA:50,1,1,0
BRDA:51,2,0,0
BRDA:51,2,1,0
BRDA:51,3,0,0
BRDA:51,3,1,0
BRDA:51,4,0,0
BRDA:51,4,1,0
BRDA:51,5,0,0
BRDA:51,5,1,0
BRDA:51,6,0,0
BRDA:51,6,1,0
BRF:14
BRH:0
end_of_record
TN:
SF:D:\saiyao3\mobile-vue\src\components\cartNumber.vue
FN:1,(anonymous_0)
FN:18,_interopRequireDefault
FN:24,data
FN:29,cart
FN:33,mounted
FN:48,render
FNF:6
FNH:0
FNDA:0,(anonymous_0)
FNDA:0,_interopRequireDefault
FNDA:0,data
FNDA:0,cart
FNDA:0,mounted
FNDA:0,render
DA:1,0
DA:4,0
DA:8,0
DA:10,0
DA:12,0
DA:14,0
DA:16,0
DA:18,0
DA:20,0
DA:25,0
DA:30,0
DA:34,0
DA:35,0
DA:36,0
DA:46,0
DA:47,0
DA:48,0
DA:49,0
LF:18
LH:0
BRDA:18,0,0,0
BRDA:18,0,1,0
BRDA:18,1,0,0
BRDA:18,1,1,0
BRDA:34,2,0,0
BRDA:34,2,1,0
BRDA:34,3,0,0
BRDA:34,3,1,0
BRDA:35,4,0,0
BRDA:35,4,1,0
BRDA:46,5,0,0
BRDA:46,5,1,0
BRDA:47,6,0,0
BRDA:47,6,1,0
BRDA:48,7,0,0
BRDA:48,7,1,0
BRDA:48,8,0,0
BRDA:48,8,1,0
BRF:18
BRH:0
end_of_record
TN:
SF:D:\saiyao3\mobile-vue\src\components\detail.vue
FN:1,(anonymous_0)
FN:24,_interopRequireDefault
FN:32,data
FN:38,mounted
FN:52,cartNumber
FN:55,item
FN:60,getProduct
FN:64,onItemsClick
FN:127,render
FN:127,(anonymous_9)
FN:127,(anonymous_10)
FNF:11
FNH:0
FNDA:0,(anonymous_0)
FNDA:0,_interopRequireDefault
FNDA:0,data
FNDA:0,mounted
FNDA:0,cartNumber
FNDA:0,item
FNDA:0,getProduct
FNDA:0,onItemsClick
FNDA:0,render
FNDA:0,(anonymous_9)
FNDA:0,(anonymous_10)
DA:1,0
DA:4,0
DA:8,0
DA:10,0
DA:12,0
DA:14,0
DA:16,0
DA:18,0
DA:20,0
DA:22,0
DA:24,0
DA:26,0
DA:33,0
DA:39,0
DA:40,0
DA:41,0
DA:42,0
DA:45,0
DA:46,0
DA:48,0
DA:53,0
DA:56,0
DA:61,0
DA:62,0
DA:65,0
DA:67,0
DA:68,0
DA:69,0
DA:73,0
DA:75,0
DA:76,0
DA:125,0
DA:126,0
DA:127,0
DA:128,0
LF:35
LH:0
BRDA:24,0,0,0
BRDA:24,0,1,0
BRDA:24,1,0,0
BRDA:24,1,1,0
BRDA:41,2,0,0
BRDA:41,2,1,0
BRDA:45,3,0,0
BRDA:45,3,1,0
BRDA:68,4,0,0
BRDA:68,4,1,0
BRDA:68,5,0,0
BRDA:68,5,1,0
BRDA:125,6,0,0
BRDA:125,6,1,0
BRDA:126,7,0,0
BRDA:126,7,1,0
BRDA:127,8,0,0
BRDA:127,8,1,0
BRDA:127,9,0,0
BRDA:127,9,1,0
BRDA:127,10,0,0
BRDA:127,10,1,0
BRDA:127,11,0,0
BRDA:127,11,1,0
BRF:24
BRH:0
end_of_record
TN:
SF:D:\saiyao3\mobile-vue\src\components\footerNav.vue
FN:1,(anonymous_0)
FN:15,data
FN:46,route
FN:51,goBack
FN:67,render
FN:67,(anonymous_5)
FNF:6
FNH:0
FNDA:0,(anonymous_0)
FNDA:0,data
FNDA:0,route
FNDA:0,goBack
FNDA:0,render
FNDA:0,(anonymous_5)
DA:1,0
DA:4,0
DA:8,0
DA:10,0
DA:16,0
DA:47,0
DA:52,0
DA:65,0
DA:66,0
DA:67,0
DA:68,0
LF:11
LH:0
BRDA:65,0,0,0
BRDA:65,0,1,0
BRDA:66,1,0,0
BRDA:66,1,1,0
BRDA:67,2,0,0
BRDA:67,2,1,0
BRF:6
BRH:0
end_of_record
TN:
SF:D:\saiyao3\mobile-vue\src\components\placeOrder.vue
FN:1,(anonymous_0)
FN:34,_interopRequireDefault
FN:124,data
FN:139,devices
FN:142,currentDevice
FN:147,mounted
FN:178,(anonymous_6)
FN:190,(anonymous_7)
FN:200,chooseAddress
FN:203,clickItem
FN:206,change
FN:210,placeOrder
FN:230,(anonymous_12)
FN:267,response
FN:270,response
FN:302,getDevices
FN:311,responseWX
FN:334,response
FN:360,getDevice
FN:364,(anonymous_19)
FN:379,render
FN:379,(anonymous_21)
FN:379,(anonymous_22)
FN:379,(anonymous_23)
FN:379,(anonymous_24)
FNF:25
FNH:0
FNDA:0,(anonymous_0)
FNDA:0,_interopRequireDefault
FNDA:0,data
FNDA:0,devices
FNDA:0,currentDevice
FNDA:0,mounted
FNDA:0,(anonymous_6)
FNDA:0,(anonymous_7)
FNDA:0,chooseAddress
FNDA:0,clickItem
FNDA:0,change
FNDA:0,placeOrder
FNDA:0,(anonymous_12)
FNDA:0,response
FNDA:0,response
FNDA:0,getDevices
FNDA:0,responseWX
FNDA:0,response
FNDA:0,getDevice
FNDA:0,(anonymous_19)
FNDA:0,render
FNDA:0,(anonymous_21)
FNDA:0,(anonymous_22)
FNDA:0,(anonymous_23)
FNDA:0,(anonymous_24)
DA:1,0
DA:4,0
DA:8,0
DA:10,0
DA:12,0
DA:14,0
DA:16,0
DA:18,0
DA:20,0
DA:22,0
DA:24,0
DA:26,0
DA:28,0
DA:30,0
DA:32,0
DA:34,0
DA:36,0
DA:116,0
DA:125,0
DA:140,0
DA:143,0
DA:148,0
DA:150,0
DA:151,0
DA:152,0
DA:153,0
DA:154,0
DA:156,0
DA:157,0
DA:158,0
DA:159,0
DA:160,0
DA:161,0
DA:162,0
DA:163,0
DA:164,0
DA:165,0
DA:167,0
DA:168,0
DA:169,0
DA:171,0
DA:172,0
DA:174,0
DA:175,0
DA:177,0
DA:178,0
DA:179,0
DA:180,0
DA:182,0
DA:184,0
DA:185,0
DA:187,0
DA:188,0
DA:189,0
DA:190,0
DA:191,0
DA:192,0
DA:201,0
DA:204,0
DA:207,0
DA:208,0
DA:211,0
DA:213,0
DA:214,0
DA:215,0
DA:216,0
DA:217,0
DA:218,0
DA:219,0
DA:221,0
DA:222,0
DA:224,0
DA:225,0
DA:226,0
DA:227,0
DA:229,0
DA:230,0
DA:231,0
DA:233,0
DA:236,0
DA:237,0
DA:238,0
DA:239,0
DA:241,0
DA:242,0
DA:244,0
DA:250,0
DA:251,0
DA:253,0
DA:254,0
DA:256,0
DA:257,0
DA:258,0
DA:260,0
DA:261,0
DA:263,0
DA:264,0
DA:266,0
DA:267,0
DA:268,0
DA:269,0
DA:270,0
DA:271,0
DA:272,0
DA:273,0
DA:274,0
DA:275,0
DA:276,0
DA:277,0
DA:279,0
DA:283,0
DA:284,0
DA:286,0
DA:288,0
DA:289,0
DA:290,0
DA:292,0
DA:295,0
DA:296,0
DA:298,0
DA:299,0
DA:300,0
DA:303,0
DA:306,0
DA:307,0
DA:308,0
DA:309,0
DA:311,0
DA:312,0
DA:313,0
DA:332,0
DA:333,0
DA:334,0
DA:335,0
DA:336,0
DA:337,0
DA:341,0
DA:342,0
DA:357,0
DA:361,0
DA:362,0
DA:363,0
DA:364,0
DA:365,0
DA:366,0
DA:370,0
DA:372,0
DA:377,0
DA:378,0
DA:379,0
DA:380,0
LF:151
LH:0
BRDA:34,0,0,0
BRDA:34,0,1,0
BRDA:34,1,0,0
BRDA:34,1,1,0
BRDA:150,2,0,0
BRDA:150,2,1,0
BRDA:152,3,0,0
BRDA:152,3,1,0
BRDA:159,4,0,0
BRDA:159,4,1,0
BRDA:164,5,0,0
BRDA:164,5,1,0
BRDA:167,6,0,0
BRDA:167,6,1,0
BRDA:184,7,0,0
BRDA:184,7,1,0
BRDA:187,8,0,0
BRDA:187,8,1,0
BRDA:187,9,0,0
BRDA:187,9,1,0
BRDA:189,10,0,0
BRDA:189,10,1,0
BRDA:191,11,0,0
BRDA:191,11,1,0
BRDA:221,12,0,0
BRDA:221,12,1,0
BRDA:225,13,0,0
BRDA:225,13,1,0
BRDA:236,14,0,0
BRDA:236,14,1,0
BRDA:237,15,0,0
BRDA:237,15,1,0
BRDA:244,16,0,0
BRDA:244,16,1,0
BRDA:244,17,0,0
BRDA:244,17,1,0
BRDA:251,18,0,0
BRDA:251,18,1,0
BRDA:253,19,0,0
BRDA:253,19,1,0
BRDA:253,20,0,0
BRDA:253,20,1,0
BRDA:256,21,0,0
BRDA:256,21,1,0
BRDA:260,22,0,0
BRDA:260,22,1,0
BRDA:263,23,0,0
BRDA:263,23,1,0
BRDA:266,24,0,0
BRDA:266,24,1,0
BRDA:266,25,0,0
BRDA:266,25,1,0
BRDA:266,25,2,0
BRDA:269,26,0,0
BRDA:269,26,1,0
BRDA:271,27,0,0
BRDA:271,27,1,0
BRDA:272,28,0,0
BRDA:272,28,1,0
BRDA:273,29,0,0
BRDA:273,29,1,0
BRDA:275,30,0,0
BRDA:275,30,1,0
BRDA:275,31,0,0
BRDA:275,31,1,0
BRDA:275,31,2,0
BRDA:283,32,0,0
BRDA:283,32,1,0
BRDA:289,33,0,0
BRDA:289,33,1,0
BRDA:307,34,0,0
BRDA:307,34,1,0
BRDA:363,35,0,0
BRDA:363,35,1,0
BRDA:365,36,0,0
BRDA:365,36,1,0
BRDA:377,37,0,0
BRDA:377,37,1,0
BRDA:378,38,0,0
BRDA:378,38,1,0
BRDA:379,39,0,0
BRDA:379,39,1,0
BRDA:379,40,0,0
BRDA:379,40,1,0
BRDA:379,41,0,0
BRDA:379,41,1,0
BRDA:379,42,0,0
BRDA:379,42,1,0
BRDA:379,43,0,0
BRDA:379,43,1,0
BRDA:379,44,0,0
BRDA:379,44,1,0
BRF:92
BRH:0
end_of_record
TN:
SF:D:\saiyao3\mobile-vue\src\components\productList.vue
FN:1,(anonymous_0)
FN:16,_interopRequireDefault
FN:23,data
FN:30,mounted
FN:33,toDetail
FN:70,render
FN:70,(anonymous_6)
FN:70,(anonymous_7)
FN:70,(anonymous_8)
FNF:9
FNH:0
FNDA:0,(anonymous_0)
FNDA:0,_interopRequireDefault
FNDA:0,data
FNDA:0,mounted
FNDA:0,toDetail
FNDA:0,render
FNDA:0,(anonymous_6)
FNDA:0,(anonymous_7)
FNDA:0,(anonymous_8)
DA:1,0
DA:4,0
DA:8,0
DA:10,0
DA:12,0
DA:14,0
DA:16,0
DA:18,0
DA:24,0
DA:34,0
DA:35,0
DA:37,0
DA:68,0
DA:69,0
DA:70,0
DA:71,0
LF:16
LH:0
BRDA:16,0,0,0
BRDA:16,0,1,0
BRDA:16,1,0,0
BRDA:16,1,1,0
BRDA:34,2,0,0
BRDA:34,2,1,0
BRDA:68,3,0,0
BRDA:68,3,1,0
BRDA:69,4,0,0
BRDA:69,4,1,0
BRDA:70,5,0,0
BRDA:70,5,1,0
BRDA:70,6,0,0
BRDA:70,6,1,0
BRDA:70,7,0,0
BRDA:70,7,1,0
BRDA:70,8,0,0
BRDA:70,8,1,0
BRDA:70,9,0,0
BRDA:70,9,1,0
BRF:20
BRH:0
end_of_record
TN:
SF:D:\saiyao3\mobile-vue\src\components\showDevices.vue
FN:1,(anonymous_0)
FN:22,_interopRequireDefault
FN:30,data
FN:37,visible
FN:41,mounted
FN:49,$route
FN:56,onHandleClick
FN:85,closeModal
FN:174,render
FN:174,(anonymous_9)
FN:174,(anonymous_10)
FN:174,(anonymous_11)
FN:174,(anonymous_12)
FN:174,(anonymous_13)
FNF:14
FNH:0
FNDA:0,(anonymous_0)
FNDA:0,_interopRequireDefault
FNDA:0,data
FNDA:0,visible
FNDA:0,mounted
FNDA:0,$route
FNDA:0,onHandleClick
FNDA:0,closeModal
FNDA:0,render
FNDA:0,(anonymous_9)
FNDA:0,(anonymous_10)
FNDA:0,(anonymous_11)
FNDA:0,(anonymous_12)
FNDA:0,(anonymous_13)
DA:1,0
DA:4,0
DA:8,0
DA:10,0
DA:12,0
DA:14,0
DA:16,0
DA:18,0
DA:20,0
DA:22,0
DA:24,0
DA:31,0
DA:38,0
DA:42,0
DA:43,0
DA:44,0
DA:50,0
DA:51,0
DA:57,0
DA:58,0
DA:59,0
DA:60,0
DA:61,0
DA:62,0
DA:63,0
DA:65,0
DA:66,0
DA:67,0
DA:68,0
DA:69,0
DA:70,0
DA:73,0
DA:74,0
DA:76,0
DA:77,0
DA:78,0
DA:79,0
DA:81,0
DA:82,0
DA:86,0
DA:172,0
DA:173,0
DA:174,0
DA:175,0
LF:44
LH:0
BRDA:22,0,0,0
BRDA:22,0,1,0
BRDA:22,1,0,0
BRDA:22,1,1,0
BRDA:43,2,0,0
BRDA:43,2,1,0
BRDA:59,3,0,0
BRDA:59,3,1,0
BRDA:69,4,0,0
BRDA:69,4,1,0
BRDA:73,5,0,0
BRDA:73,5,1,0
BRDA:78,6,0,0
BRDA:78,6,1,0
BRDA:172,7,0,0
BRDA:172,7,1,0
BRDA:173,8,0,0
BRDA:173,8,1,0
BRDA:174,9,0,0
BRDA:174,9,1,0
BRDA:174,10,0,0
BRDA:174,10,1,0
BRDA:174,11,0,0
BRDA:174,11,1,0
BRF:24
BRH:0
end_of_record
TN:
SF:D:\saiyao3\mobile-vue\src\modal\index.js
FN:3,_interopRequireDefault
FN:5,getQueryString
FN:12,request
FN:32,(anonymous_3)
FN:46,success
FN:59,error
FN:67,requestGet
FN:72,requestDelete
FN:77,requestPost
FNF:9
FNH:0
FNDA:0,_interopRequireDefault
FNDA:0,getQueryString
FNDA:0,request
FNDA:0,(anonymous_3)
FNDA:0,success
FNDA:0,error
FNDA:0,requestGet
FNDA:0,requestDelete
FNDA:0,requestPost
DA:1,0
DA:2,0
DA:3,0
DA:6,0
DA:7,0
DA:8,0
DA:9,0
DA:12,0
DA:13,0
DA:14,0
DA:15,0
DA:16,0
DA:18,0
DA:20,0
DA:21,0
DA:22,0
DA:23,0
DA:24,0
DA:26,0
DA:27,0
DA:29,0
DA:30,0
DA:32,0
DA:33,0
DA:35,0
DA:38,0
DA:39,0
DA:43,0
DA:44,0
DA:46,0
DA:47,0
DA:48,0
DA:49,0
DA:50,0
DA:56,0
DA:59,0
DA:60,0
DA:65,0
DA:67,0
DA:68,0
DA:69,0
DA:70,0
DA:72,0
DA:73,0
DA:74,0
DA:75,0
DA:77,0
DA:78,0
DA:79,0
DA:80,0
LF:50
LH:0
BRDA:3,0,0,0
BRDA:3,0,1,0
BRDA:3,1,0,0
BRDA:3,1,1,0
BRDA:8,2,0,0
BRDA:8,2,1,0
BRDA:14,3,0,0
BRDA:14,3,1,0
BRDA:14,4,0,0
BRDA:14,4,1,0
BRDA:14,5,0,0
BRDA:14,5,1,0
BRDA:20,6,0,0
BRDA:20,6,1,0
BRDA:20,7,0,0
BRDA:20,7,1,0
BRDA:20,7,2,0
BRDA:20,7,3,0
BRDA:22,8,0,0
BRDA:22,8,1,0
BRDA:26,9,0,0
BRDA:26,9,1,0
BRDA:29,10,0,0
BRDA:29,10,1,0
BRDA:43,11,0,0
BRDA:43,11,1,0
BRDA:49,12,0,0
BRDA:49,12,1,0
BRF:28
BRH:0
end_of_record
TN:
SF:D:\saiyao3\mobile-vue\src\modal\url.js
FNF:0
FNH:0
DA:1,0
DA:2,0
DA:27,0
LF:3
LH:0
BRF:0
BRH:0
end_of_record
TN:
SF:D:\saiyao3\mobile-vue\src\modal\validator.js
FN:67,_interopRequireDefault
FN:67,getAccessToken
FN:67,setAccessToken
FN:67,getAccessDeviceId
FN:67,setAccessDeviceId
FN:67,getAccessOperatorId
FN:67,setAccessOperatorId
FN:67,getAccessOpendId
FN:67,setAccessOpendId
FN:67,getAccessSN
FN:67,setAccessSN
FN:67,getAccessCNO
FN:67,setAccessCNO
FN:67,getRole
FN:67,UserId
FNF:15
FNH:0
FNDA:0,_interopRequireDefault
FNDA:0,getAccessToken
FNDA:0,setAccessToken
FNDA:0,getAccessDeviceId
FNDA:0,setAccessDeviceId
FNDA:0,getAccessOperatorId
FNDA:0,setAccessOperatorId
FNDA:0,getAccessOpendId
FNDA:0,setAccessOpendId
FNDA:0,getAccessSN
FNDA:0,setAccessSN
FNDA:0,getAccessCNO
FNDA:0,setAccessCNO
FNDA:0,getRole
FNDA:0,UserId
DA:1,0
DA:9,0
DA:14,0
DA:18,0
DA:23,0
DA:27,0
DA:32,0
DA:36,0
DA:41,0
DA:45,0
DA:50,0
DA:53,0
DA:58,0
DA:67,0
DA:68,0
LF:15
LH:0
BRDA:67,0,0,0
BRDA:67,0,1,0
BRDA:67,1,0,0
BRDA:67,1,1,0
BRF:4
BRH:0
end_of_record
TN:
SF:D:\saiyao3\mobile-vue\src\store\index.js
FN:7,_interopRequireDefault
FN:11,selectedDevice
FN:25,cartNumber
FN:65,updateLoadingStatus
FNF:4
FNH:0
FNDA:0,_interopRequireDefault
FNDA:0,selectedDevice
FNDA:0,cartNumber
FNDA:0,updateLoadingStatus
DA:1,0
DA:2,0
DA:3,0
DA:4,0
DA:5,0
DA:6,0
DA:7,0
DA:9,0
DA:10,0
DA:11,0
DA:13,0
DA:25,0
DA:26,0
DA:27,0
DA:28,0
DA:29,0
DA:32,0
DA:44,0
DA:52,0
DA:60,0
DA:66,0
DA:67,0
LF:22
LH:0
BRDA:7,0,0,0
BRDA:7,0,1,0
BRDA:7,1,0,0
BRDA:7,1,1,0
BRDA:27,2,0,0
BRDA:27,2,1,0
BRDA:28,3,0,0
BRDA:28,3,1,0
BRF:8
BRH:0
end_of_record
TN:
SF:D:\saiyao3\mobile-vue\src\store\cart\mutations.js
FN:2,setCartCurrentValue
FN:16,setCartModal
FN:19,setCartNumber
FNF:3
FNH:0
FNDA:0,setCartCurrentValue
FNDA:0,setCartModal
FNDA:0,setCartNumber
DA:1,0
DA:2,0
DA:3,0
DA:4,0
DA:6,0
DA:7,0
DA:9,0
DA:10,0
DA:12,0
DA:13,0
DA:16,0
DA:17,0
DA:19,0
DA:20,0
LF:14
LH:0
BRDA:3,0,0,0
BRDA:3,0,1,0
BRDA:6,1,0,0
BRDA:6,1,1,0
BRDA:9,2,0,0
BRDA:9,2,1,0
BRDA:12,3,0,0
BRDA:12,3,1,0
BRF:8
BRH:0
end_of_record
TN:
SF:D:\saiyao3\mobile-vue\src\store\detail\actions.js
FN:6,_interopRequireDefault
FN:10,getItem
FN:10,response
FNF:3
FNH:0
FNDA:0,_interopRequireDefault
FNDA:0,getItem
FNDA:0,response
DA:1,0
DA:3,0
DA:4,0
DA:5,0
DA:6,0
DA:10,0
DA:11,0
DA:12,0
DA:13,0
DA:15,0
DA:17,0
DA:18,0
DA:19,0
DA:21,0
DA:22,0
DA:23,0
DA:24,0
DA:25,0
DA:27,0
DA:29,0
DA:30,0
DA:31,0
DA:32,0
DA:33,0
DA:34,0
DA:36,0
DA:37,0
DA:40,0
DA:41,0
DA:43,0
DA:44,0
LF:31
LH:0
BRDA:6,0,0,0
BRDA:6,0,1,0
BRDA:6,1,0,0
BRDA:6,1,1,0
BRDA:11,2,0,0
BRDA:11,2,1,0
BRDA:12,3,0,0
BRDA:12,3,1,0
BRDA:12,4,0,0
BRDA:12,4,1,0
BRDA:21,5,0,0
BRDA:21,5,1,0
BRDA:29,6,0,0
BRDA:29,6,1,0
BRDA:30,7,0,0
BRDA:30,7,1,0
BRDA:30,8,0,0
BRDA:30,8,1,0
BRDA:33,9,0,0
BRDA:33,9,1,0
BRDA:36,10,0,0
BRDA:36,10,1,0
BRF:22
BRH:0
end_of_record
TN:
SF:D:\saiyao3\mobile-vue\src\store\detail\mutations.js
FN:13,getItemResponse
FNF:1
FNH:0
FNDA:0,getItemResponse
DA:1,0
DA:13,0
DA:14,0
LF:3
LH:0
BRF:0
BRH:0
end_of_record
TN:
SF:D:\saiyao3\mobile-vue\src\store\device\actions.js
FN:5,_interopRequireDefault
FN:8,getItems
FN:10,response
FN:12,(anonymous_3)
FNF:4
FNH:0
FNDA:0,_interopRequireDefault
FNDA:0,getItems
FNDA:0,response
FNDA:0,(anonymous_3)
DA:1,0
DA:3,0
DA:4,0
DA:5,0
DA:7,0
DA:8,0
DA:9,0
DA:10,0
DA:11,0
DA:12,0
DA:13,0
DA:14,0
DA:16,0
DA:18,0
DA:19,0
DA:20,0
DA:23,0
DA:25,0
DA:26,0
LF:19
LH:0
BRDA:5,0,0,0
BRDA:5,0,1,0
BRDA:5,1,0,0
BRDA:5,1,1,0
BRDA:13,2,0,0
BRDA:13,2,1,0
BRDA:13,3,0,0
BRDA:13,3,1,0
BRF:8
BRH:0
end_of_record
TN:
SF:D:\saiyao3\mobile-vue\src\store\device\mutations.js
FN:7,setCurrentDevice
FN:15,setDevicesModal
FN:18,getItemsResponse
FNF:3
FNH:0
FNDA:0,setCurrentDevice
FNDA:0,setDevicesModal
FNDA:0,getItemsResponse
DA:1,0
DA:7,0
DA:8,0
DA:9,0
DA:11,0
DA:12,0
DA:15,0
DA:16,0
DA:18,0
DA:19,0
LF:10
LH:0
BRDA:8,0,0,0
BRDA:8,0,1,0
BRDA:11,1,0,0
BRDA:11,1,1,0
BRF:4
BRH:0
end_of_record
TN:
SF:D:\saiyao3\mobile-vue\src\utils\helper.js
FN:210,inSize
FN:211,validator
FN:237,timeString
FN:240,timeStringFormat
FN:245,dateToTime
FN:250,dateToText
FN:250,getPrice
FN:252,getReplUrl
FN:254,initWeiXinConfig
FN:257,(anonymous_9)
FN:266,validatorTip
FN:266,(anonymous_11)
FN:266,(anonymous_12)
FN:266,IsPC
FN:268,specifiedMachine
FNF:15
FNH:0
FNDA:0,inSize
FNDA:0,validator
FNDA:0,timeString
FNDA:0,timeStringFormat
FNDA:0,dateToTime
FNDA:0,dateToText
FNDA:0,getPrice
FNDA:0,getReplUrl
FNDA:0,initWeiXinConfig
FNDA:0,(anonymous_9)
FNDA:0,validatorTip
FNDA:0,(anonymous_11)
FNDA:0,(anonymous_12)
FNDA:0,IsPC
FNDA:0,specifiedMachine
DA:1,0
DA:14,0
DA:23,0
DA:64,0
DA:72,0
DA:83,0
DA:101,0
DA:111,0
DA:120,0
DA:128,0
DA:163,0
DA:181,0
DA:210,0
DA:211,0
DA:238,0
DA:240,0
DA:241,0
DA:245,0
DA:250,0
DA:252,0
DA:254,0
DA:257,0
DA:264,0
DA:266,0
DA:268,0
LF:25
LH:0
BRDA:210,0,0,0
BRDA:210,0,1,0
BRDA:211,1,0,0
BRDA:211,1,1,0
BRDA:250,2,0,0
BRDA:250,2,1,0
BRDA:254,3,0,0
BRDA:254,3,1,0
BRDA:254,3,2,0
BRDA:254,4,0,0
BRDA:254,4,1,0
BRDA:254,5,0,0
BRDA:254,5,1,0
BRDA:264,6,0,0
BRDA:264,6,1,0
BRDA:264,7,0,0
BRDA:264,7,1,0
BRDA:264,8,0,0
BRDA:264,8,1,0
BRDA:266,9,0,0
BRDA:266,9,1,0
BRDA:266,10,0,0
BRDA:266,10,1,0
BRDA:268,11,0,0
BRDA:268,11,1,0
BRF:25
BRH:0
end_of_record
